{"meta": {"format": 3, "version": "7.10.7", "timestamp": "2025-10-28T09:01:22.971949", "branch_coverage": false, "show_contexts": false}, "files": {"src/trashpandas/__init__.py": {"executed_lines": [1, 7, 9, 11, 12, 13, 16, 19, 20, 27, 36, 45, 46, 56, 84, 99, 108, 111, 113], "summary": {"covered_lines": 18, "num_statements": 18, "percent_covered": 100.0, "percent_covered_display": "100", "missing_lines": 0, "excluded_lines": 0}, "missing_lines": [], "excluded_lines": [], "functions": {"": {"executed_lines": [1, 7, 9, 11, 12, 13, 16, 19, 20, 27, 36, 45, 46, 56, 84, 99, 108, 111, 113], "summary": {"covered_lines": 18, "num_statements": 18, "percent_covered": 100.0, "percent_covered_display": "100", "missing_lines": 0, "excluded_lines": 0}, "missing_lines": [], "excluded_lines": []}}, "classes": {"": {"executed_lines": [1, 7, 9, 11, 12, 13, 16, 19, 20, 27, 36, 45, 46, 56, 84, 99, 108, 111, 113], "summary": {"covered_lines": 18, "num_statements": 18, "percent_covered": 100.0, "percent_covered_display": "100", "missing_lines": 0, "excluded_lines": 0}, "missing_lines": [], "excluded_lines": []}}}, "src/trashpandas/async_file.py": {"executed_lines": [1, 7, 9, 10, 11, 12, 14, 16, 17, 18, 27, 28, 35, 49, 52, 56, 65, 78, 91, 101, 118, 130, 142, 157, 186, 200, 201, 208, 227, 230, 234, 243, 258, 273, 283, 295, 310, 339, 354, 374, 403, 419, 430, 444, 459, 480, 500, 513, 530, 540, 550, 563, 576], "summary": {"covered_lines": 48, "num_statements": 178, "percent_covered": 26.96629213483146, "percent_covered_display": "27", "missing_lines": 130, "excluded_lines": 4}, "missing_lines": [45, 46, 47, 54, 63, 76, 89, 99, 114, 128, 140, 152, 155, 176, 178, 179, 180, 182, 183, 184, 196, 197, 222, 223, 224, 225, 232, 241, 254, 269, 281, 293, 305, 308, 329, 331, 332, 333, 335, 336, 337, 349, 350, 359, 360, 361, 362, 363, 364, 365, 368, 369, 371, 379, 380, 381, 383, 384, 386, 387, 388, 389, 392, 397, 398, 400, 408, 409, 410, 411, 412, 413, 414, 416, 424, 425, 427, 433, 434, 435, 441, 447, 448, 449, 455, 468, 469, 472, 475, 477, 488, 489, 492, 495, 497, 505, 506, 507, 508, 510, 518, 519, 520, 526, 534, 535, 536, 537, 544, 545, 546, 547, 557, 558, 559, 560, 567, 568, 571, 572, 573, 583, 584, 587, 589, 590, 591, 592, 593, 594], "excluded_lines": [49, 50, 227, 228], "functions": {"AsyncCsvStorage.__init__": {"executed_lines": [], "summary": {"covered_lines": 0, "num_statements": 3, "percent_covered": 0.0, "percent_covered_display": "0", "missing_lines": 3, "excluded_lines": 0}, "missing_lines": [45, 46, 47], "excluded_lines": []}, "AsyncCsvStorage.__repr__": {"executed_lines": [], "summary": {"covered_lines": 0, "num_statements": 0, "percent_covered": 100.0, "percent_covered_display": "100", "missing_lines": 0, "excluded_lines": 1}, "missing_lines": [], "excluded_lines": [50]}, "AsyncCsvStorage.__aenter__": {"executed_lines": [], "summary": {"covered_lines": 0, "num_statements": 1, "percent_covered": 0.0, "percent_covered_display": "0", "missing_lines": 1, "excluded_lines": 0}, "missing_lines": [54], "excluded_lines": []}, "AsyncCsvStorage.__aexit__": {"executed_lines": [], "summary": {"covered_lines": 0, "num_statements": 1, "percent_covered": 0.0, "percent_covered_display": "0", "missing_lines": 1, "excluded_lines": 0}, "missing_lines": [63], "excluded_lines": []}, "AsyncCsvStorage.store": {"executed_lines": [], "summary": {"covered_lines": 0, "num_statements": 1, "percent_covered": 0.0, "percent_covered_display": "0", "missing_lines": 1, "excluded_lines": 0}, "missing_lines": [76], "excluded_lines": []}, "AsyncCsvStorage.load": {"executed_lines": [], "summary": {"covered_lines": 0, "num_statements": 1, "percent_covered": 0.0, "percent_covered_display": "0", "missing_lines": 1, "excluded_lines": 0}, "missing_lines": [89], "excluded_lines": []}, "AsyncCsvStorage.delete": {"executed_lines": [], "summary": {"covered_lines": 0, "num_statements": 1, "percent_covered": 0.0, "percent_covered_display": "0", "missing_lines": 1, "excluded_lines": 0}, "missing_lines": [99], "excluded_lines": []}, "AsyncCsvStorage.load_metadata": {"executed_lines": [], "summary": {"covered_lines": 0, "num_statements": 1, "percent_covered": 0.0, "percent_covered_display": "0", "missing_lines": 1, "excluded_lines": 0}, "missing_lines": [114], "excluded_lines": []}, "AsyncCsvStorage.table_names": {"executed_lines": [], "summary": {"covered_lines": 0, "num_statements": 1, "percent_covered": 0.0, "percent_covered_display": "0", "missing_lines": 1, "excluded_lines": 0}, "missing_lines": [128], "excluded_lines": []}, "AsyncCsvStorage.metadata_names": {"executed_lines": [], "summary": {"covered_lines": 0, "num_statements": 1, "percent_covered": 0.0, "percent_covered_display": "0", "missing_lines": 1, "excluded_lines": 0}, "missing_lines": [140], "excluded_lines": []}, "AsyncCsvStorage.store_many": {"executed_lines": [], "summary": {"covered_lines": 0, "num_statements": 2, "percent_covered": 0.0, "percent_covered_display": "0", "missing_lines": 2, "excluded_lines": 0}, "missing_lines": [152, 155], "excluded_lines": []}, "AsyncCsvStorage.load_many": {"executed_lines": [], "summary": {"covered_lines": 0, "num_statements": 5, "percent_covered": 0.0, "percent_covered_display": "0", "missing_lines": 5, "excluded_lines": 0}, "missing_lines": [176, 178, 182, 183, 184], "excluded_lines": []}, "AsyncCsvStorage.load_many.load_with_semaphore": {"executed_lines": [], "summary": {"covered_lines": 0, "num_statements": 2, "percent_covered": 0.0, "percent_covered_display": "0", "missing_lines": 2, "excluded_lines": 0}, "missing_lines": [179, 180], "excluded_lines": []}, "AsyncCsvStorage.delete_many": {"executed_lines": [], "summary": {"covered_lines": 0, "num_statements": 2, "percent_covered": 0.0, "percent_covered_display": "0", "missing_lines": 2, "excluded_lines": 0}, "missing_lines": [196, 197], "excluded_lines": []}, "AsyncPickleStorage.__init__": {"executed_lines": [], "summary": {"covered_lines": 0, "num_statements": 4, "percent_covered": 0.0, "percent_covered_display": "0", "missing_lines": 4, "excluded_lines": 0}, "missing_lines": [222, 223, 224, 225], "excluded_lines": []}, "AsyncPickleStorage.__repr__": {"executed_lines": [], "summary": {"covered_lines": 0, "num_statements": 0, "percent_covered": 100.0, "percent_covered_display": "100", "missing_lines": 0, "excluded_lines": 1}, "missing_lines": [], "excluded_lines": [228]}, "AsyncPickleStorage.__aenter__": {"executed_lines": [], "summary": {"covered_lines": 0, "num_statements": 1, "percent_covered": 0.0, "percent_covered_display": "0", "missing_lines": 1, "excluded_lines": 0}, "missing_lines": [232], "excluded_lines": []}, "AsyncPickleStorage.__aexit__": {"executed_lines": [], "summary": {"covered_lines": 0, "num_statements": 1, "percent_covered": 0.0, "percent_covered_display": "0", "missing_lines": 1, "excluded_lines": 0}, "missing_lines": [241], "excluded_lines": []}, "AsyncPickleStorage.store": {"executed_lines": [], "summary": {"covered_lines": 0, "num_statements": 1, "percent_covered": 0.0, "percent_covered_display": "0", "missing_lines": 1, "excluded_lines": 0}, "missing_lines": [254], "excluded_lines": []}, "AsyncPickleStorage.load": {"executed_lines": [], "summary": {"covered_lines": 0, "num_statements": 1, "percent_covered": 0.0, "percent_covered_display": "0", "missing_lines": 1, "excluded_lines": 0}, "missing_lines": [269], "excluded_lines": []}, "AsyncPickleStorage.delete": {"executed_lines": [], "summary": {"covered_lines": 0, "num_statements": 1, "percent_covered": 0.0, "percent_covered_display": "0", "missing_lines": 1, "excluded_lines": 0}, "missing_lines": [281], "excluded_lines": []}, "AsyncPickleStorage.table_names": {"executed_lines": [], "summary": {"covered_lines": 0, "num_statements": 1, "percent_covered": 0.0, "percent_covered_display": "0", "missing_lines": 1, "excluded_lines": 0}, "missing_lines": [293], "excluded_lines": []}, "AsyncPickleStorage.store_many": {"executed_lines": [], "summary": {"covered_lines": 0, "num_statements": 2, "percent_covered": 0.0, "percent_covered_display": "0", "missing_lines": 2, "excluded_lines": 0}, "missing_lines": [305, 308], "excluded_lines": []}, "AsyncPickleStorage.load_many": {"executed_lines": [], "summary": {"covered_lines": 0, "num_statements": 5, "percent_covered": 0.0, "percent_covered_display": "0", "missing_lines": 5, "excluded_lines": 0}, "missing_lines": [329, 331, 335, 336, 337], "excluded_lines": []}, "AsyncPickleStorage.load_many.load_with_semaphore": {"executed_lines": [], "summary": {"covered_lines": 0, "num_statements": 2, "percent_covered": 0.0, "percent_covered_display": "0", "missing_lines": 2, "excluded_lines": 0}, "missing_lines": [332, 333], "excluded_lines": []}, "AsyncPickleStorage.delete_many": {"executed_lines": [], "summary": {"covered_lines": 0, "num_statements": 2, "percent_covered": 0.0, "percent_covered_display": "0", "missing_lines": 2, "excluded_lines": 0}, "missing_lines": [349, 350], "excluded_lines": []}, "store_df_csv_async": {"executed_lines": [], "summary": {"covered_lines": 0, "num_statements": 2, "percent_covered": 0.0, "percent_covered_display": "0", "missing_lines": 2, "excluded_lines": 0}, "missing_lines": [359, 371], "excluded_lines": []}, "store_df_csv_async._store": {"executed_lines": [], "summary": {"covered_lines": 0, "num_statements": 8, "percent_covered": 0.0, "percent_covered_display": "0", "missing_lines": 8, "excluded_lines": 0}, "missing_lines": [360, 361, 362, 363, 364, 365, 368, 369], "excluded_lines": []}, "load_df_csv_async": {"executed_lines": [], "summary": {"covered_lines": 0, "num_statements": 2, "percent_covered": 0.0, "percent_covered_display": "0", "missing_lines": 2, "excluded_lines": 0}, "missing_lines": [379, 400], "excluded_lines": []}, "load_df_csv_async._load": {"executed_lines": [], "summary": {"covered_lines": 0, "num_statements": 11, "percent_covered": 0.0, "percent_covered_display": "0", "missing_lines": 11, "excluded_lines": 0}, "missing_lines": [380, 381, 383, 384, 386, 387, 388, 389, 392, 397, 398], "excluded_lines": []}, "delete_table_csv_async": {"executed_lines": [], "summary": {"covered_lines": 0, "num_statements": 2, "percent_covered": 0.0, "percent_covered_display": "0", "missing_lines": 2, "excluded_lines": 0}, "missing_lines": [408, 416], "excluded_lines": []}, "delete_table_csv_async._delete": {"executed_lines": [], "summary": {"covered_lines": 0, "num_statements": 6, "percent_covered": 0.0, "percent_covered_display": "0", "missing_lines": 6, "excluded_lines": 0}, "missing_lines": [409, 410, 411, 412, 413, 414], "excluded_lines": []}, "load_metadata_csv_async": {"executed_lines": [], "summary": {"covered_lines": 0, "num_statements": 2, "percent_covered": 0.0, "percent_covered_display": "0", "missing_lines": 2, "excluded_lines": 0}, "missing_lines": [424, 427], "excluded_lines": []}, "load_metadata_csv_async._load": {"executed_lines": [], "summary": {"covered_lines": 0, "num_statements": 1, "percent_covered": 0.0, "percent_covered_display": "0", "missing_lines": 1, "excluded_lines": 0}, "missing_lines": [425], "excluded_lines": []}, "table_names_csv_async": {"executed_lines": [], "summary": {"covered_lines": 0, "num_statements": 2, "percent_covered": 0.0, "percent_covered_display": "0", "missing_lines": 2, "excluded_lines": 0}, "missing_lines": [433, 441], "excluded_lines": []}, "table_names_csv_async._get_names": {"executed_lines": [], "summary": {"covered_lines": 0, "num_statements": 2, "percent_covered": 0.0, "percent_covered_display": "0", "missing_lines": 2, "excluded_lines": 0}, "missing_lines": [434, 435], "excluded_lines": []}, "metadata_names_csv_async": {"executed_lines": [], "summary": {"covered_lines": 0, "num_statements": 2, "percent_covered": 0.0, "percent_covered_display": "0", "missing_lines": 2, "excluded_lines": 0}, "missing_lines": [447, 455], "excluded_lines": []}, "metadata_names_csv_async._get_names": {"executed_lines": [], "summary": {"covered_lines": 0, "num_statements": 2, "percent_covered": 0.0, "percent_covered_display": "0", "missing_lines": 2, "excluded_lines": 0}, "missing_lines": [448, 449], "excluded_lines": []}, "store_df_pickle_async": {"executed_lines": [], "summary": {"covered_lines": 0, "num_statements": 2, "percent_covered": 0.0, "percent_covered_display": "0", "missing_lines": 2, "excluded_lines": 0}, "missing_lines": [468, 477], "excluded_lines": []}, "store_df_pickle_async._store": {"executed_lines": [], "summary": {"covered_lines": 0, "num_statements": 3, "percent_covered": 0.0, "percent_covered_display": "0", "missing_lines": 3, "excluded_lines": 0}, "missing_lines": [469, 472, 475], "excluded_lines": []}, "load_df_pickle_async": {"executed_lines": [], "summary": {"covered_lines": 0, "num_statements": 2, "percent_covered": 0.0, "percent_covered_display": "0", "missing_lines": 2, "excluded_lines": 0}, "missing_lines": [488, 497], "excluded_lines": []}, "load_df_pickle_async._load": {"executed_lines": [], "summary": {"covered_lines": 0, "num_statements": 3, "percent_covered": 0.0, "percent_covered_display": "0", "missing_lines": 3, "excluded_lines": 0}, "missing_lines": [489, 492, 495], "excluded_lines": []}, "delete_table_pickle_async": {"executed_lines": [], "summary": {"covered_lines": 0, "num_statements": 2, "percent_covered": 0.0, "percent_covered_display": "0", "missing_lines": 2, "excluded_lines": 0}, "missing_lines": [505, 510], "excluded_lines": []}, "delete_table_pickle_async._delete": {"executed_lines": [], "summary": {"covered_lines": 0, "num_statements": 3, "percent_covered": 0.0, "percent_covered_display": "0", "missing_lines": 3, "excluded_lines": 0}, "missing_lines": [506, 507, 508], "excluded_lines": []}, "table_names_pickle_async": {"executed_lines": [], "summary": {"covered_lines": 0, "num_statements": 2, "percent_covered": 0.0, "percent_covered_display": "0", "missing_lines": 2, "excluded_lines": 0}, "missing_lines": [518, 526], "excluded_lines": []}, "table_names_pickle_async._get_names": {"executed_lines": [], "summary": {"covered_lines": 0, "num_statements": 2, "percent_covered": 0.0, "percent_covered_display": "0", "missing_lines": 2, "excluded_lines": 0}, "missing_lines": [519, 520], "excluded_lines": []}, "_get_csv_path_async": {"executed_lines": [], "summary": {"covered_lines": 0, "num_statements": 4, "percent_covered": 0.0, "percent_covered_display": "0", "missing_lines": 4, "excluded_lines": 0}, "missing_lines": [534, 535, 536, 537], "excluded_lines": []}, "_get_metadata_csv_path_async": {"executed_lines": [], "summary": {"covered_lines": 0, "num_statements": 4, "percent_covered": 0.0, "percent_covered_display": "0", "missing_lines": 4, "excluded_lines": 0}, "missing_lines": [544, 545, 546, 547], "excluded_lines": []}, "_get_pickle_path_async": {"executed_lines": [], "summary": {"covered_lines": 0, "num_statements": 4, "percent_covered": 0.0, "percent_covered_display": "0", "missing_lines": 4, "excluded_lines": 0}, "missing_lines": [557, 558, 559, 560], "excluded_lines": []}, "_read_cast_metadata_csv_async_sync": {"executed_lines": [], "summary": {"covered_lines": 0, "num_statements": 5, "percent_covered": 0.0, "percent_covered_display": "0", "missing_lines": 5, "excluded_lines": 0}, "missing_lines": [567, 568, 571, 572, 573], "excluded_lines": []}, "_first_load_df_csv_async_sync": {"executed_lines": [], "summary": {"covered_lines": 0, "num_statements": 9, "percent_covered": 0.0, "percent_covered_display": "0", "missing_lines": 9, "excluded_lines": 0}, "missing_lines": [583, 584, 587, 589, 590, 591, 592, 593, 594], "excluded_lines": []}, "": {"executed_lines": [1, 7, 9, 10, 11, 12, 14, 16, 17, 18, 27, 28, 35, 49, 52, 56, 65, 78, 91, 101, 118, 130, 142, 157, 186, 200, 201, 208, 227, 230, 234, 243, 258, 273, 283, 295, 310, 339, 354, 374, 403, 419, 430, 444, 459, 480, 500, 513, 530, 540, 550, 563, 576], "summary": {"covered_lines": 48, "num_statements": 48, "percent_covered": 100.0, "percent_covered_display": "100", "missing_lines": 0, "excluded_lines": 2}, "missing_lines": [], "excluded_lines": [49, 227]}}, "classes": {"AsyncCsvStorage": {"executed_lines": [], "summary": {"covered_lines": 0, "num_statements": 22, "percent_covered": 0.0, "percent_covered_display": "0", "missing_lines": 22, "excluded_lines": 1}, "missing_lines": [45, 46, 47, 54, 63, 76, 89, 99, 114, 128, 140, 152, 155, 176, 178, 179, 180, 182, 183, 184, 196, 197], "excluded_lines": [50]}, "AsyncPickleStorage": {"executed_lines": [], "summary": {"covered_lines": 0, "num_statements": 21, "percent_covered": 0.0, "percent_covered_display": "0", "missing_lines": 21, "excluded_lines": 1}, "missing_lines": [222, 223, 224, 225, 232, 241, 254, 269, 281, 293, 305, 308, 329, 331, 332, 333, 335, 336, 337, 349, 350], "excluded_lines": [228]}, "": {"executed_lines": [1, 7, 9, 10, 11, 12, 14, 16, 17, 18, 27, 28, 35, 49, 52, 56, 65, 78, 91, 101, 118, 130, 142, 157, 186, 200, 201, 208, 227, 230, 234, 243, 258, 273, 283, 295, 310, 339, 354, 374, 403, 419, 430, 444, 459, 480, 500, 513, 530, 540, 550, 563, 576], "summary": {"covered_lines": 48, "num_statements": 135, "percent_covered": 35.55555555555556, "percent_covered_display": "36", "missing_lines": 87, "excluded_lines": 2}, "missing_lines": [359, 360, 361, 362, 363, 364, 365, 368, 369, 371, 379, 380, 381, 383, 384, 386, 387, 388, 389, 392, 397, 398, 400, 408, 409, 410, 411, 412, 413, 414, 416, 424, 425, 427, 433, 434, 435, 441, 447, 448, 449, 455, 468, 469, 472, 475, 477, 488, 489, 492, 495, 497, 505, 506, 507, 508, 510, 518, 519, 520, 526, 534, 535, 536, 537, 544, 545, 546, 547, 557, 558, 559, 560, 567, 568, 571, 572, 573, 583, 584, 587, 589, 590, 591, 592, 593, 594], "excluded_lines": [49, 227]}}}, "src/trashpandas/async_sql.py": {"executed_lines": [1, 7, 9, 11, 12, 13, 14, 16, 17, 26, 27, 34, 53, 56, 60, 69, 82, 95, 105, 120, 132, 144, 158, 185, 200, 236, 273, 292, 310, 333, 354, 376, 401], "summary": {"covered_lines": 30, "num_statements": 105, "percent_covered": 28.571428571428573, "percent_covered_display": "29", "missing_lines": 75, "excluded_lines": 2}, "missing_lines": [41, 43, 44, 45, 46, 47, 48, 50, 51, 58, 67, 80, 93, 103, 118, 130, 142, 154, 155, 156, 175, 177, 178, 179, 181, 182, 183, 195, 196, 197, 212, 213, 214, 216, 218, 225, 250, 253, 254, 255, 258, 259, 260, 262, 263, 269, 270, 284, 285, 287, 288, 289, 306, 307, 323, 324, 325, 328, 346, 347, 348, 351, 368, 369, 372, 373, 392, 393, 397, 398, 417, 419, 421, 422, 429], "excluded_lines": [53, 54], "functions": {"AsyncSqlStorage.__init__": {"executed_lines": [], "summary": {"covered_lines": 0, "num_statements": 9, "percent_covered": 0.0, "percent_covered_display": "0", "missing_lines": 9, "excluded_lines": 0}, "missing_lines": [41, 43, 44, 45, 46, 47, 48, 50, 51], "excluded_lines": []}, "AsyncSqlStorage.__repr__": {"executed_lines": [], "summary": {"covered_lines": 0, "num_statements": 0, "percent_covered": 100.0, "percent_covered_display": "100", "missing_lines": 0, "excluded_lines": 1}, "missing_lines": [], "excluded_lines": [54]}, "AsyncSqlStorage.__aenter__": {"executed_lines": [], "summary": {"covered_lines": 0, "num_statements": 1, "percent_covered": 0.0, "percent_covered_display": "0", "missing_lines": 1, "excluded_lines": 0}, "missing_lines": [58], "excluded_lines": []}, "AsyncSqlStorage.__aexit__": {"executed_lines": [], "summary": {"covered_lines": 0, "num_statements": 1, "percent_covered": 0.0, "percent_covered_display": "0", "missing_lines": 1, "excluded_lines": 0}, "missing_lines": [67], "excluded_lines": []}, "AsyncSqlStorage.store": {"executed_lines": [], "summary": {"covered_lines": 0, "num_statements": 1, "percent_covered": 0.0, "percent_covered_display": "0", "missing_lines": 1, "excluded_lines": 0}, "missing_lines": [80], "excluded_lines": []}, "AsyncSqlStorage.load": {"executed_lines": [], "summary": {"covered_lines": 0, "num_statements": 1, "percent_covered": 0.0, "percent_covered_display": "0", "missing_lines": 1, "excluded_lines": 0}, "missing_lines": [93], "excluded_lines": []}, "AsyncSqlStorage.delete": {"executed_lines": [], "summary": {"covered_lines": 0, "num_statements": 1, "percent_covered": 0.0, "percent_covered_display": "0", "missing_lines": 1, "excluded_lines": 0}, "missing_lines": [103], "excluded_lines": []}, "AsyncSqlStorage.load_metadata": {"executed_lines": [], "summary": {"covered_lines": 0, "num_statements": 1, "percent_covered": 0.0, "percent_covered_display": "0", "missing_lines": 1, "excluded_lines": 0}, "missing_lines": [118], "excluded_lines": []}, "AsyncSqlStorage.table_names": {"executed_lines": [], "summary": {"covered_lines": 0, "num_statements": 1, "percent_covered": 0.0, "percent_covered_display": "0", "missing_lines": 1, "excluded_lines": 0}, "missing_lines": [130], "excluded_lines": []}, "AsyncSqlStorage.metadata_names": {"executed_lines": [], "summary": {"covered_lines": 0, "num_statements": 1, "percent_covered": 0.0, "percent_covered_display": "0", "missing_lines": 1, "excluded_lines": 0}, "missing_lines": [142], "excluded_lines": []}, "AsyncSqlStorage.store_many": {"executed_lines": [], "summary": {"covered_lines": 0, "num_statements": 3, "percent_covered": 0.0, "percent_covered_display": "0", "missing_lines": 3, "excluded_lines": 0}, "missing_lines": [154, 155, 156], "excluded_lines": []}, "AsyncSqlStorage.load_many": {"executed_lines": [], "summary": {"covered_lines": 0, "num_statements": 5, "percent_covered": 0.0, "percent_covered_display": "0", "missing_lines": 5, "excluded_lines": 0}, "missing_lines": [175, 177, 181, 182, 183], "excluded_lines": []}, "AsyncSqlStorage.load_many.load_with_semaphore": {"executed_lines": [], "summary": {"covered_lines": 0, "num_statements": 2, "percent_covered": 0.0, "percent_covered_display": "0", "missing_lines": 2, "excluded_lines": 0}, "missing_lines": [178, 179], "excluded_lines": []}, "AsyncSqlStorage.delete_many": {"executed_lines": [], "summary": {"covered_lines": 0, "num_statements": 3, "percent_covered": 0.0, "percent_covered_display": "0", "missing_lines": 3, "excluded_lines": 0}, "missing_lines": [195, 196, 197], "excluded_lines": []}, "store_df_sql_async": {"executed_lines": [], "summary": {"covered_lines": 0, "num_statements": 6, "percent_covered": 0.0, "percent_covered_display": "0", "missing_lines": 6, "excluded_lines": 0}, "missing_lines": [212, 213, 214, 216, 218, 225], "excluded_lines": []}, "load_df_sql_async": {"executed_lines": [], "summary": {"covered_lines": 0, "num_statements": 11, "percent_covered": 0.0, "percent_covered_display": "0", "missing_lines": 11, "excluded_lines": 0}, "missing_lines": [250, 253, 254, 255, 258, 259, 260, 262, 263, 269, 270], "excluded_lines": []}, "delete_table_sql_async": {"executed_lines": [], "summary": {"covered_lines": 0, "num_statements": 5, "percent_covered": 0.0, "percent_covered_display": "0", "missing_lines": 5, "excluded_lines": 0}, "missing_lines": [284, 285, 287, 288, 289], "excluded_lines": []}, "load_metadata_sql_async": {"executed_lines": [], "summary": {"covered_lines": 0, "num_statements": 2, "percent_covered": 0.0, "percent_covered_display": "0", "missing_lines": 2, "excluded_lines": 0}, "missing_lines": [306, 307], "excluded_lines": []}, "table_names_sql_async": {"executed_lines": [], "summary": {"covered_lines": 0, "num_statements": 4, "percent_covered": 0.0, "percent_covered_display": "0", "missing_lines": 4, "excluded_lines": 0}, "missing_lines": [323, 324, 325, 328], "excluded_lines": []}, "metadata_names_sql_async": {"executed_lines": [], "summary": {"covered_lines": 0, "num_statements": 4, "percent_covered": 0.0, "percent_covered_display": "0", "missing_lines": 4, "excluded_lines": 0}, "missing_lines": [346, 347, 348, 351], "excluded_lines": []}, "_read_cast_metadata_sql_async": {"executed_lines": [], "summary": {"covered_lines": 0, "num_statements": 4, "percent_covered": 0.0, "percent_covered_display": "0", "missing_lines": 4, "excluded_lines": 0}, "missing_lines": [368, 369, 372, 373], "excluded_lines": []}, "_first_load_df_sql_async": {"executed_lines": [], "summary": {"covered_lines": 0, "num_statements": 4, "percent_covered": 0.0, "percent_covered_display": "0", "missing_lines": 4, "excluded_lines": 0}, "missing_lines": [392, 393, 397, 398], "excluded_lines": []}, "_get_table_async": {"executed_lines": [], "summary": {"covered_lines": 0, "num_statements": 3, "percent_covered": 0.0, "percent_covered_display": "0", "missing_lines": 3, "excluded_lines": 0}, "missing_lines": [417, 419, 429], "excluded_lines": []}, "_get_table_async._get_table": {"executed_lines": [], "summary": {"covered_lines": 0, "num_statements": 2, "percent_covered": 0.0, "percent_covered_display": "0", "missing_lines": 2, "excluded_lines": 0}, "missing_lines": [421, 422], "excluded_lines": []}, "": {"executed_lines": [1, 7, 9, 11, 12, 13, 14, 16, 17, 26, 27, 34, 53, 56, 60, 69, 82, 95, 105, 120, 132, 144, 158, 185, 200, 236, 273, 292, 310, 333, 354, 376, 401], "summary": {"covered_lines": 30, "num_statements": 30, "percent_covered": 100.0, "percent_covered_display": "100", "missing_lines": 0, "excluded_lines": 1}, "missing_lines": [], "excluded_lines": [53]}}, "classes": {"AsyncSqlStorage": {"executed_lines": [], "summary": {"covered_lines": 0, "num_statements": 30, "percent_covered": 0.0, "percent_covered_display": "0", "missing_lines": 30, "excluded_lines": 1}, "missing_lines": [41, 43, 44, 45, 46, 47, 48, 50, 51, 58, 67, 80, 93, 103, 118, 130, 142, 154, 155, 156, 175, 177, 178, 179, 181, 182, 183, 195, 196, 197], "excluded_lines": [54]}, "": {"executed_lines": [1, 7, 9, 11, 12, 13, 14, 16, 17, 26, 27, 34, 53, 56, 60, 69, 82, 95, 105, 120, 132, 144, 158, 185, 200, 236, 273, 292, 310, 333, 354, 376, 401], "summary": {"covered_lines": 30, "num_statements": 75, "percent_covered": 40.0, "percent_covered_display": "40", "missing_lines": 45, "excluded_lines": 1}, "missing_lines": [212, 213, 214, 216, 218, 225, 250, 253, 254, 255, 258, 259, 260, 262, 263, 269, 270, 284, 285, 287, 288, 289, 306, 307, 323, 324, 325, 328, 346, 347, 348, 351, 368, 369, 372, 373, 392, 393, 397, 398, 417, 419, 421, 422, 429], "excluded_lines": [53]}}}, "src/trashpandas/conversion.py": {"executed_lines": [1, 12, 14, 15, 16, 17, 18, 21, 28, 35, 41, 47, 53, 59, 67, 73, 79, 85, 91, 97, 103, 109, 115, 121, 127, 133, 139, 145, 153, 159, 165, 171, 177], "summary": {"covered_lines": 32, "num_statements": 108, "percent_covered": 29.62962962962963, "percent_covered_display": "30", "missing_lines": 76, "excluded_lines": 0}, "missing_lines": [24, 25, 31, 32, 36, 37, 38, 42, 43, 44, 48, 49, 50, 54, 55, 56, 62, 63, 64, 68, 69, 70, 74, 75, 76, 80, 81, 82, 86, 87, 88, 92, 93, 94, 98, 99, 100, 104, 105, 106, 110, 111, 112, 116, 117, 118, 122, 123, 124, 128, 129, 130, 134, 135, 136, 140, 141, 142, 148, 149, 150, 154, 155, 156, 160, 161, 162, 166, 167, 168, 172, 173, 174, 178, 179, 180], "excluded_lines": [], "functions": {"convert_table_storage": {"executed_lines": [], "summary": {"covered_lines": 0, "num_statements": 2, "percent_covered": 0.0, "percent_covered_display": "0", "missing_lines": 2, "excluded_lines": 0}, "missing_lines": [24, 25], "excluded_lines": []}, "convert_all_tables_storage": {"executed_lines": [], "summary": {"covered_lines": 0, "num_statements": 2, "percent_covered": 0.0, "percent_covered_display": "0", "missing_lines": 2, "excluded_lines": 0}, "missing_lines": [31, 32], "excluded_lines": []}, "csv_to_sql": {"executed_lines": [], "summary": {"covered_lines": 0, "num_statements": 3, "percent_covered": 0.0, "percent_covered_display": "0", "missing_lines": 3, "excluded_lines": 0}, "missing_lines": [36, 37, 38], "excluded_lines": []}, "csv_to_sql_all": {"executed_lines": [], "summary": {"covered_lines": 0, "num_statements": 3, "percent_covered": 0.0, "percent_covered_display": "0", "missing_lines": 3, "excluded_lines": 0}, "missing_lines": [42, 43, 44], "excluded_lines": []}, "csv_to_hdf": {"executed_lines": [], "summary": {"covered_lines": 0, "num_statements": 3, "percent_covered": 0.0, "percent_covered_display": "0", "missing_lines": 3, "excluded_lines": 0}, "missing_lines": [48, 49, 50], "excluded_lines": []}, "csv_to_hdf_all": {"executed_lines": [], "summary": {"covered_lines": 0, "num_statements": 3, "percent_covered": 0.0, "percent_covered_display": "0", "missing_lines": 3, "excluded_lines": 0}, "missing_lines": [54, 55, 56], "excluded_lines": []}, "csv_to_pickle": {"executed_lines": [], "summary": {"covered_lines": 0, "num_statements": 3, "percent_covered": 0.0, "percent_covered_display": "0", "missing_lines": 3, "excluded_lines": 0}, "missing_lines": [62, 63, 64], "excluded_lines": []}, "csv_to_pickle_all": {"executed_lines": [], "summary": {"covered_lines": 0, "num_statements": 3, "percent_covered": 0.0, "percent_covered_display": "0", "missing_lines": 3, "excluded_lines": 0}, "missing_lines": [68, 69, 70], "excluded_lines": []}, "sql_to_csv": {"executed_lines": [], "summary": {"covered_lines": 0, "num_statements": 3, "percent_covered": 0.0, "percent_covered_display": "0", "missing_lines": 3, "excluded_lines": 0}, "missing_lines": [74, 75, 76], "excluded_lines": []}, "sql_to_csv_all": {"executed_lines": [], "summary": {"covered_lines": 0, "num_statements": 3, "percent_covered": 0.0, "percent_covered_display": "0", "missing_lines": 3, "excluded_lines": 0}, "missing_lines": [80, 81, 82], "excluded_lines": []}, "sql_to_hdf": {"executed_lines": [], "summary": {"covered_lines": 0, "num_statements": 3, "percent_covered": 0.0, "percent_covered_display": "0", "missing_lines": 3, "excluded_lines": 0}, "missing_lines": [86, 87, 88], "excluded_lines": []}, "sql_to_hdf_all": {"executed_lines": [], "summary": {"covered_lines": 0, "num_statements": 3, "percent_covered": 0.0, "percent_covered_display": "0", "missing_lines": 3, "excluded_lines": 0}, "missing_lines": [92, 93, 94], "excluded_lines": []}, "sql_to_pickle": {"executed_lines": [], "summary": {"covered_lines": 0, "num_statements": 3, "percent_covered": 0.0, "percent_covered_display": "0", "missing_lines": 3, "excluded_lines": 0}, "missing_lines": [98, 99, 100], "excluded_lines": []}, "sql_to_pickle_all": {"executed_lines": [], "summary": {"covered_lines": 0, "num_statements": 3, "percent_covered": 0.0, "percent_covered_display": "0", "missing_lines": 3, "excluded_lines": 0}, "missing_lines": [104, 105, 106], "excluded_lines": []}, "hdf_to_csv": {"executed_lines": [], "summary": {"covered_lines": 0, "num_statements": 3, "percent_covered": 0.0, "percent_covered_display": "0", "missing_lines": 3, "excluded_lines": 0}, "missing_lines": [110, 111, 112], "excluded_lines": []}, "hdf_to_csv_all": {"executed_lines": [], "summary": {"covered_lines": 0, "num_statements": 3, "percent_covered": 0.0, "percent_covered_display": "0", "missing_lines": 3, "excluded_lines": 0}, "missing_lines": [116, 117, 118], "excluded_lines": []}, "hdf_to_sql": {"executed_lines": [], "summary": {"covered_lines": 0, "num_statements": 3, "percent_covered": 0.0, "percent_covered_display": "0", "missing_lines": 3, "excluded_lines": 0}, "missing_lines": [122, 123, 124], "excluded_lines": []}, "hdf_to_sql_all": {"executed_lines": [], "summary": {"covered_lines": 0, "num_statements": 3, "percent_covered": 0.0, "percent_covered_display": "0", "missing_lines": 3, "excluded_lines": 0}, "missing_lines": [128, 129, 130], "excluded_lines": []}, "hdf_to_pickle": {"executed_lines": [], "summary": {"covered_lines": 0, "num_statements": 3, "percent_covered": 0.0, "percent_covered_display": "0", "missing_lines": 3, "excluded_lines": 0}, "missing_lines": [134, 135, 136], "excluded_lines": []}, "hdf_to_pickle_all": {"executed_lines": [], "summary": {"covered_lines": 0, "num_statements": 3, "percent_covered": 0.0, "percent_covered_display": "0", "missing_lines": 3, "excluded_lines": 0}, "missing_lines": [140, 141, 142], "excluded_lines": []}, "pickle_to_csv": {"executed_lines": [], "summary": {"covered_lines": 0, "num_statements": 3, "percent_covered": 0.0, "percent_covered_display": "0", "missing_lines": 3, "excluded_lines": 0}, "missing_lines": [148, 149, 150], "excluded_lines": []}, "pickle_to_csv_all": {"executed_lines": [], "summary": {"covered_lines": 0, "num_statements": 3, "percent_covered": 0.0, "percent_covered_display": "0", "missing_lines": 3, "excluded_lines": 0}, "missing_lines": [154, 155, 156], "excluded_lines": []}, "pickle_to_sql": {"executed_lines": [], "summary": {"covered_lines": 0, "num_statements": 3, "percent_covered": 0.0, "percent_covered_display": "0", "missing_lines": 3, "excluded_lines": 0}, "missing_lines": [160, 161, 162], "excluded_lines": []}, "pickle_to_sql_all": {"executed_lines": [], "summary": {"covered_lines": 0, "num_statements": 3, "percent_covered": 0.0, "percent_covered_display": "0", "missing_lines": 3, "excluded_lines": 0}, "missing_lines": [166, 167, 168], "excluded_lines": []}, "pickle_to_hdf": {"executed_lines": [], "summary": {"covered_lines": 0, "num_statements": 3, "percent_covered": 0.0, "percent_covered_display": "0", "missing_lines": 3, "excluded_lines": 0}, "missing_lines": [172, 173, 174], "excluded_lines": []}, "pickle_to_hdf_all": {"executed_lines": [], "summary": {"covered_lines": 0, "num_statements": 3, "percent_covered": 0.0, "percent_covered_display": "0", "missing_lines": 3, "excluded_lines": 0}, "missing_lines": [178, 179, 180], "excluded_lines": []}, "": {"executed_lines": [1, 12, 14, 15, 16, 17, 18, 21, 28, 35, 41, 47, 53, 59, 67, 73, 79, 85, 91, 97, 103, 109, 115, 121, 127, 133, 139, 145, 153, 159, 165, 171, 177], "summary": {"covered_lines": 32, "num_statements": 32, "percent_covered": 100.0, "percent_covered_display": "100", "missing_lines": 0, "excluded_lines": 0}, "missing_lines": [], "excluded_lines": []}}, "classes": {"": {"executed_lines": [1, 12, 14, 15, 16, 17, 18, 21, 28, 35, 41, 47, 53, 59, 67, 73, 79, 85, 91, 97, 103, 109, 115, 121, 127, 133, 139, 145, 153, 159, 165, 171, 177], "summary": {"covered_lines": 32, "num_statements": 108, "percent_covered": 29.62962962962963, "percent_covered_display": "30", "missing_lines": 76, "excluded_lines": 0}, "missing_lines": [24, 25, 31, 32, 36, 37, 38, 42, 43, 44, 48, 49, 50, 54, 55, 56, 62, 63, 64, 68, 69, 70, 74, 75, 76, 80, 81, 82, 86, 87, 88, 92, 93, 94, 98, 99, 100, 104, 105, 106, 110, 111, 112, 116, 117, 118, 122, 123, 124, 128, 129, 130, 134, 135, 136, 140, 141, 142, 148, 149, 150, 154, 155, 156, 160, 161, 162, 166, 167, 168, 172, 173, 174, 178, 179, 180], "excluded_lines": []}}}, "src/trashpandas/csv.py": {"executed_lines": [1, 51, 53, 54, 55, 57, 59, 60, 67, 70, 71, 83, 84, 85, 87, 90, 92, 94, 96, 98, 100, 102, 104, 106, 108, 110, 112, 114, 116, 118, 125, 127, 131, 133, 135, 137, 139, 141, 145, 147, 149, 151, 153, 163, 164, 166, 179, 180, 181, 182, 184, 192, 193, 196, 208, 209, 210, 211, 212, 213, 215, 218, 219, 222, 236, 237, 238, 240, 241, 243, 244, 245, 246, 249, 254, 255, 258, 269, 270, 271, 274, 275, 276, 277, 280, 298, 300, 301, 302, 304, 306, 307, 308, 309, 312, 314, 315, 316, 318, 320, 321, 322, 323, 326, 328, 329, 330, 331, 334, 338, 339, 340, 341, 344, 348, 349, 352, 353, 354, 357, 361, 362, 365], "summary": {"covered_lines": 121, "num_statements": 126, "percent_covered": 96.03174603174604, "percent_covered_display": "96", "missing_lines": 5, "excluded_lines": 2}, "missing_lines": [143, 294, 295, 366, 367], "excluded_lines": [87, 88], "functions": {"CsvStorage.__init__": {"executed_lines": [83, 84, 85], "summary": {"covered_lines": 3, "num_statements": 3, "percent_covered": 100.0, "percent_covered_display": "100", "missing_lines": 0, "excluded_lines": 0}, "missing_lines": [], "excluded_lines": []}, "CsvStorage.__repr__": {"executed_lines": [], "summary": {"covered_lines": 0, "num_statements": 0, "percent_covered": 100.0, "percent_covered_display": "100", "missing_lines": 0, "excluded_lines": 1}, "missing_lines": [], "excluded_lines": [88]}, "CsvStorage.__setitem__": {"executed_lines": [92], "summary": {"covered_lines": 1, "num_statements": 1, "percent_covered": 100.0, "percent_covered_display": "100", "missing_lines": 0, "excluded_lines": 0}, "missing_lines": [], "excluded_lines": []}, "CsvStorage.__getitem__": {"executed_lines": [96], "summary": {"covered_lines": 1, "num_statements": 1, "percent_covered": 100.0, "percent_covered_display": "100", "missing_lines": 0, "excluded_lines": 0}, "missing_lines": [], "excluded_lines": []}, "CsvStorage.__delitem__": {"executed_lines": [100], "summary": {"covered_lines": 1, "num_statements": 1, "percent_covered": 100.0, "percent_covered_display": "100", "missing_lines": 0, "excluded_lines": 0}, "missing_lines": [], "excluded_lines": []}, "CsvStorage.__iter__": {"executed_lines": [104], "summary": {"covered_lines": 1, "num_statements": 1, "percent_covered": 100.0, "percent_covered_display": "100", "missing_lines": 0, "excluded_lines": 0}, "missing_lines": [], "excluded_lines": []}, "CsvStorage.__len__": {"executed_lines": [108], "summary": {"covered_lines": 1, "num_statements": 1, "percent_covered": 100.0, "percent_covered_display": "100", "missing_lines": 0, "excluded_lines": 0}, "missing_lines": [], "excluded_lines": []}, "CsvStorage.__contains__": {"executed_lines": [112], "summary": {"covered_lines": 1, "num_statements": 1, "percent_covered": 100.0, "percent_covered_display": "100", "missing_lines": 0, "excluded_lines": 0}, "missing_lines": [], "excluded_lines": []}, "CsvStorage.__enter__": {"executed_lines": [116], "summary": {"covered_lines": 1, "num_statements": 1, "percent_covered": 100.0, "percent_covered_display": "100", "missing_lines": 0, "excluded_lines": 0}, "missing_lines": [], "excluded_lines": []}, "CsvStorage.__exit__": {"executed_lines": [125], "summary": {"covered_lines": 1, "num_statements": 1, "percent_covered": 100.0, "percent_covered_display": "100", "missing_lines": 0, "excluded_lines": 0}, "missing_lines": [], "excluded_lines": []}, "CsvStorage.store": {"executed_lines": [131], "summary": {"covered_lines": 1, "num_statements": 1, "percent_covered": 100.0, "percent_covered_display": "100", "missing_lines": 0, "excluded_lines": 0}, "missing_lines": [], "excluded_lines": []}, "CsvStorage.load": {"executed_lines": [135], "summary": {"covered_lines": 1, "num_statements": 1, "percent_covered": 100.0, "percent_covered_display": "100", "missing_lines": 0, "excluded_lines": 0}, "missing_lines": [], "excluded_lines": []}, "CsvStorage.delete": {"executed_lines": [139], "summary": {"covered_lines": 1, "num_statements": 1, "percent_covered": 100.0, "percent_covered_display": "100", "missing_lines": 0, "excluded_lines": 0}, "missing_lines": [], "excluded_lines": []}, "CsvStorage.load_metadata": {"executed_lines": [], "summary": {"covered_lines": 0, "num_statements": 1, "percent_covered": 0.0, "percent_covered_display": "0", "missing_lines": 1, "excluded_lines": 0}, "missing_lines": [143], "excluded_lines": []}, "CsvStorage.table_names": {"executed_lines": [147], "summary": {"covered_lines": 1, "num_statements": 1, "percent_covered": 100.0, "percent_covered_display": "100", "missing_lines": 0, "excluded_lines": 0}, "missing_lines": [], "excluded_lines": []}, "CsvStorage.metadata_names": {"executed_lines": [151], "summary": {"covered_lines": 1, "num_statements": 1, "percent_covered": 100.0, "percent_covered_display": "100", "missing_lines": 0, "excluded_lines": 0}, "missing_lines": [], "excluded_lines": []}, "CsvStorage.store_many": {"executed_lines": [163, 164], "summary": {"covered_lines": 2, "num_statements": 2, "percent_covered": 100.0, "percent_covered_display": "100", "missing_lines": 0, "excluded_lines": 0}, "missing_lines": [], "excluded_lines": []}, "CsvStorage.load_many": {"executed_lines": [179, 180, 181, 182], "summary": {"covered_lines": 4, "num_statements": 4, "percent_covered": 100.0, "percent_covered_display": "100", "missing_lines": 0, "excluded_lines": 0}, "missing_lines": [], "excluded_lines": []}, "CsvStorage.delete_many": {"executed_lines": [192, 193], "summary": {"covered_lines": 2, "num_statements": 2, "percent_covered": 100.0, "percent_covered_display": "100", "missing_lines": 0, "excluded_lines": 0}, "missing_lines": [], "excluded_lines": []}, "store_df_csv": {"executed_lines": [208, 209, 210, 211, 212, 213, 215, 218, 219], "summary": {"covered_lines": 9, "num_statements": 9, "percent_covered": 100.0, "percent_covered_display": "100", "missing_lines": 0, "excluded_lines": 0}, "missing_lines": [], "excluded_lines": []}, "load_df_csv": {"executed_lines": [236, 237, 238, 240, 241, 243, 244, 245, 246, 249, 254, 255], "summary": {"covered_lines": 12, "num_statements": 12, "percent_covered": 100.0, "percent_covered_display": "100", "missing_lines": 0, "excluded_lines": 0}, "missing_lines": [], "excluded_lines": []}, "delete_table_csv": {"executed_lines": [269, 270, 271, 274, 275, 276, 277], "summary": {"covered_lines": 7, "num_statements": 7, "percent_covered": 100.0, "percent_covered_display": "100", "missing_lines": 0, "excluded_lines": 0}, "missing_lines": [], "excluded_lines": []}, "load_metadata_csv": {"executed_lines": [], "summary": {"covered_lines": 0, "num_statements": 2, "percent_covered": 0.0, "percent_covered_display": "0", "missing_lines": 2, "excluded_lines": 0}, "missing_lines": [294, 295], "excluded_lines": []}, "table_names_csv": {"executed_lines": [300, 301, 302, 304, 306, 307, 308, 309], "summary": {"covered_lines": 8, "num_statements": 8, "percent_covered": 100.0, "percent_covered_display": "100", "missing_lines": 0, "excluded_lines": 0}, "missing_lines": [], "excluded_lines": []}, "metadata_names_csv": {"executed_lines": [314, 315, 316, 318, 320, 321, 322, 323], "summary": {"covered_lines": 8, "num_statements": 8, "percent_covered": 100.0, "percent_covered_display": "100", "missing_lines": 0, "excluded_lines": 0}, "missing_lines": [], "excluded_lines": []}, "_get_csv_path": {"executed_lines": [328, 329, 330, 331], "summary": {"covered_lines": 4, "num_statements": 4, "percent_covered": 100.0, "percent_covered_display": "100", "missing_lines": 0, "excluded_lines": 0}, "missing_lines": [], "excluded_lines": []}, "_get_metadata_csv_path": {"executed_lines": [338, 339, 340, 341], "summary": {"covered_lines": 4, "num_statements": 4, "percent_covered": 100.0, "percent_covered_display": "100", "missing_lines": 0, "excluded_lines": 0}, "missing_lines": [], "excluded_lines": []}, "_read_cast_metadata_csv": {"executed_lines": [348, 349, 352, 353, 354], "summary": {"covered_lines": 5, "num_statements": 5, "percent_covered": 100.0, "percent_covered_display": "100", "missing_lines": 0, "excluded_lines": 0}, "missing_lines": [], "excluded_lines": []}, "_first_load_df_csv": {"executed_lines": [361, 362, 365], "summary": {"covered_lines": 3, "num_statements": 5, "percent_covered": 60.0, "percent_covered_display": "60", "missing_lines": 2, "excluded_lines": 0}, "missing_lines": [366, 367], "excluded_lines": []}, "": {"executed_lines": [1, 51, 53, 54, 55, 57, 59, 60, 67, 70, 71, 87, 90, 94, 98, 102, 106, 110, 114, 118, 127, 133, 137, 141, 145, 149, 153, 166, 184, 196, 222, 258, 280, 298, 312, 326, 334, 344, 357], "summary": {"covered_lines": 37, "num_statements": 37, "percent_covered": 100.0, "percent_covered_display": "100", "missing_lines": 0, "excluded_lines": 1}, "missing_lines": [], "excluded_lines": [87]}}, "classes": {"CsvStorage": {"executed_lines": [83, 84, 85, 92, 96, 100, 104, 108, 112, 116, 125, 131, 135, 139, 147, 151, 163, 164, 179, 180, 181, 182, 192, 193], "summary": {"covered_lines": 24, "num_statements": 25, "percent_covered": 96.0, "percent_covered_display": "96", "missing_lines": 1, "excluded_lines": 1}, "missing_lines": [143], "excluded_lines": [88]}, "": {"executed_lines": [1, 51, 53, 54, 55, 57, 59, 60, 67, 70, 71, 87, 90, 94, 98, 102, 106, 110, 114, 118, 127, 133, 137, 141, 145, 149, 153, 166, 184, 196, 208, 209, 210, 211, 212, 213, 215, 218, 219, 222, 236, 237, 238, 240, 241, 243, 244, 245, 246, 249, 254, 255, 258, 269, 270, 271, 274, 275, 276, 277, 280, 298, 300, 301, 302, 304, 306, 307, 308, 309, 312, 314, 315, 316, 318, 320, 321, 322, 323, 326, 328, 329, 330, 331, 334, 338, 339, 340, 341, 344, 348, 349, 352, 353, 354, 357, 361, 362, 365], "summary": {"covered_lines": 97, "num_statements": 101, "percent_covered": 96.03960396039604, "percent_covered_display": "96", "missing_lines": 4, "excluded_lines": 1}, "missing_lines": [294, 295, 366, 367], "excluded_lines": [87]}}}, "src/trashpandas/exceptions.py": {"executed_lines": [1, 3, 5, 8, 9, 11, 19, 20, 21, 24, 25, 27, 30, 31, 33, 41, 42, 43, 44, 47, 48, 50, 58, 59, 60, 61, 64, 65, 67, 70, 71, 73, 80, 81, 82, 85, 86, 88, 96, 97, 98, 99, 100, 103, 104, 106, 114, 115, 116, 117, 118, 125, 126, 128, 137, 138, 139, 140, 141, 144, 145, 147, 158, 159, 160, 161, 162, 163, 166, 167, 169, 177, 178, 179, 180, 181], "summary": {"covered_lines": 64, "num_statements": 64, "percent_covered": 100.0, "percent_covered_display": "100", "missing_lines": 0, "excluded_lines": 0}, "missing_lines": [], "excluded_lines": [], "functions": {"TrashPandasError.__init__": {"executed_lines": [19, 20, 21], "summary": {"covered_lines": 3, "num_statements": 3, "percent_covered": 100.0, "percent_covered_display": "100", "missing_lines": 0, "excluded_lines": 0}, "missing_lines": [], "excluded_lines": []}, "TableNotFoundError.__init__": {"executed_lines": [41, 42, 43, 44], "summary": {"covered_lines": 4, "num_statements": 4, "percent_covered": 100.0, "percent_covered_display": "100", "missing_lines": 0, "excluded_lines": 0}, "missing_lines": [], "excluded_lines": []}, "TableAlreadyExistsError.__init__": {"executed_lines": [58, 59, 60, 61], "summary": {"covered_lines": 4, "num_statements": 4, "percent_covered": 100.0, "percent_covered_display": "100", "missing_lines": 0, "excluded_lines": 0}, "missing_lines": [], "excluded_lines": []}, "MetadataNotFoundError.__init__": {"executed_lines": [80, 81, 82], "summary": {"covered_lines": 3, "num_statements": 3, "percent_covered": 100.0, "percent_covered_display": "100", "missing_lines": 0, "excluded_lines": 0}, "missing_lines": [], "excluded_lines": []}, "MetadataCorruptedError.__init__": {"executed_lines": [96, 97, 98, 99, 100], "summary": {"covered_lines": 5, "num_statements": 5, "percent_covered": 100.0, "percent_covered_display": "100", "missing_lines": 0, "excluded_lines": 0}, "missing_lines": [], "excluded_lines": []}, "StorageConnectionError.__init__": {"executed_lines": [114, 115, 116, 117, 118], "summary": {"covered_lines": 5, "num_statements": 5, "percent_covered": 100.0, "percent_covered_display": "100", "missing_lines": 0, "excluded_lines": 0}, "missing_lines": [], "excluded_lines": []}, "ValidationError.__init__": {"executed_lines": [137, 138, 139, 140, 141], "summary": {"covered_lines": 5, "num_statements": 5, "percent_covered": 100.0, "percent_covered_display": "100", "missing_lines": 0, "excluded_lines": 0}, "missing_lines": [], "excluded_lines": []}, "ConversionError.__init__": {"executed_lines": [158, 159, 160, 161, 162, 163], "summary": {"covered_lines": 6, "num_statements": 6, "percent_covered": 100.0, "percent_covered_display": "100", "missing_lines": 0, "excluded_lines": 0}, "missing_lines": [], "excluded_lines": []}, "CompressionError.__init__": {"executed_lines": [177, 178, 179, 180, 181], "summary": {"covered_lines": 5, "num_statements": 5, "percent_covered": 100.0, "percent_covered_display": "100", "missing_lines": 0, "excluded_lines": 0}, "missing_lines": [], "excluded_lines": []}, "": {"executed_lines": [1, 3, 5, 8, 9, 11, 24, 25, 27, 30, 31, 33, 47, 48, 50, 64, 65, 67, 70, 71, 73, 85, 86, 88, 103, 104, 106, 125, 126, 128, 144, 145, 147, 166, 167, 169], "summary": {"covered_lines": 24, "num_statements": 24, "percent_covered": 100.0, "percent_covered_display": "100", "missing_lines": 0, "excluded_lines": 0}, "missing_lines": [], "excluded_lines": []}}, "classes": {"TrashPandasError": {"executed_lines": [19, 20, 21], "summary": {"covered_lines": 3, "num_statements": 3, "percent_covered": 100.0, "percent_covered_display": "100", "missing_lines": 0, "excluded_lines": 0}, "missing_lines": [], "excluded_lines": []}, "StorageError": {"executed_lines": [], "summary": {"covered_lines": 0, "num_statements": 0, "percent_covered": 100.0, "percent_covered_display": "100", "missing_lines": 0, "excluded_lines": 0}, "missing_lines": [], "excluded_lines": []}, "TableNotFoundError": {"executed_lines": [41, 42, 43, 44], "summary": {"covered_lines": 4, "num_statements": 4, "percent_covered": 100.0, "percent_covered_display": "100", "missing_lines": 0, "excluded_lines": 0}, "missing_lines": [], "excluded_lines": []}, "TableAlreadyExistsError": {"executed_lines": [58, 59, 60, 61], "summary": {"covered_lines": 4, "num_statements": 4, "percent_covered": 100.0, "percent_covered_display": "100", "missing_lines": 0, "excluded_lines": 0}, "missing_lines": [], "excluded_lines": []}, "MetadataError": {"executed_lines": [], "summary": {"covered_lines": 0, "num_statements": 0, "percent_covered": 100.0, "percent_covered_display": "100", "missing_lines": 0, "excluded_lines": 0}, "missing_lines": [], "excluded_lines": []}, "MetadataNotFoundError": {"executed_lines": [80, 81, 82], "summary": {"covered_lines": 3, "num_statements": 3, "percent_covered": 100.0, "percent_covered_display": "100", "missing_lines": 0, "excluded_lines": 0}, "missing_lines": [], "excluded_lines": []}, "MetadataCorruptedError": {"executed_lines": [96, 97, 98, 99, 100], "summary": {"covered_lines": 5, "num_statements": 5, "percent_covered": 100.0, "percent_covered_display": "100", "missing_lines": 0, "excluded_lines": 0}, "missing_lines": [], "excluded_lines": []}, "StorageConnectionError": {"executed_lines": [114, 115, 116, 117, 118], "summary": {"covered_lines": 5, "num_statements": 5, "percent_covered": 100.0, "percent_covered_display": "100", "missing_lines": 0, "excluded_lines": 0}, "missing_lines": [], "excluded_lines": []}, "ValidationError": {"executed_lines": [137, 138, 139, 140, 141], "summary": {"covered_lines": 5, "num_statements": 5, "percent_covered": 100.0, "percent_covered_display": "100", "missing_lines": 0, "excluded_lines": 0}, "missing_lines": [], "excluded_lines": []}, "ConversionError": {"executed_lines": [158, 159, 160, 161, 162, 163], "summary": {"covered_lines": 6, "num_statements": 6, "percent_covered": 100.0, "percent_covered_display": "100", "missing_lines": 0, "excluded_lines": 0}, "missing_lines": [], "excluded_lines": []}, "CompressionError": {"executed_lines": [177, 178, 179, 180, 181], "summary": {"covered_lines": 5, "num_statements": 5, "percent_covered": 100.0, "percent_covered_display": "100", "missing_lines": 0, "excluded_lines": 0}, "missing_lines": [], "excluded_lines": []}, "": {"executed_lines": [1, 3, 5, 8, 9, 11, 24, 25, 27, 30, 31, 33, 47, 48, 50, 64, 65, 67, 70, 71, 73, 85, 86, 88, 103, 104, 106, 125, 126, 128, 144, 145, 147, 166, 167, 169], "summary": {"covered_lines": 24, "num_statements": 24, "percent_covered": 100.0, "percent_covered_display": "100", "missing_lines": 0, "excluded_lines": 0}, "missing_lines": [], "excluded_lines": []}}}, "src/trashpandas/hdf5.py": {"executed_lines": [1, 44, 46, 47, 48, 50, 51, 52, 57, 59, 60, 68, 71, 72, 85, 88, 92, 96, 100, 104, 108, 112, 116, 125, 131, 135, 139, 143, 147, 151, 164, 182, 194, 201, 213, 229, 238, 244, 250, 256, 262, 269], "summary": {"covered_lines": 40, "num_statements": 109, "percent_covered": 36.69724770642202, "percent_covered_display": "37", "missing_lines": 69, "excluded_lines": 2}, "missing_lines": [53, 54, 55, 77, 78, 81, 83, 90, 94, 98, 102, 106, 110, 114, 123, 129, 133, 137, 141, 145, 149, 161, 162, 177, 178, 179, 180, 190, 191, 196, 197, 198, 203, 204, 205, 206, 207, 208, 209, 210, 215, 216, 218, 219, 221, 222, 223, 224, 225, 226, 231, 232, 233, 234, 235, 240, 241, 246, 247, 252, 253, 258, 259, 264, 265, 266, 283, 284, 285], "excluded_lines": [85, 86], "functions": {"HdfStorage.__init__": {"executed_lines": [], "summary": {"covered_lines": 0, "num_statements": 4, "percent_covered": 0.0, "percent_covered_display": "0", "missing_lines": 4, "excluded_lines": 0}, "missing_lines": [77, 78, 81, 83], "excluded_lines": []}, "HdfStorage.__repr__": {"executed_lines": [], "summary": {"covered_lines": 0, "num_statements": 0, "percent_covered": 100.0, "percent_covered_display": "100", "missing_lines": 0, "excluded_lines": 1}, "missing_lines": [], "excluded_lines": [86]}, "HdfStorage.__setitem__": {"executed_lines": [], "summary": {"covered_lines": 0, "num_statements": 1, "percent_covered": 0.0, "percent_covered_display": "0", "missing_lines": 1, "excluded_lines": 0}, "missing_lines": [90], "excluded_lines": []}, "HdfStorage.__getitem__": {"executed_lines": [], "summary": {"covered_lines": 0, "num_statements": 1, "percent_covered": 0.0, "percent_covered_display": "0", "missing_lines": 1, "excluded_lines": 0}, "missing_lines": [94], "excluded_lines": []}, "HdfStorage.__delitem__": {"executed_lines": [], "summary": {"covered_lines": 0, "num_statements": 1, "percent_covered": 0.0, "percent_covered_display": "0", "missing_lines": 1, "excluded_lines": 0}, "missing_lines": [98], "excluded_lines": []}, "HdfStorage.__iter__": {"executed_lines": [], "summary": {"covered_lines": 0, "num_statements": 1, "percent_covered": 0.0, "percent_covered_display": "0", "missing_lines": 1, "excluded_lines": 0}, "missing_lines": [102], "excluded_lines": []}, "HdfStorage.__len__": {"executed_lines": [], "summary": {"covered_lines": 0, "num_statements": 1, "percent_covered": 0.0, "percent_covered_display": "0", "missing_lines": 1, "excluded_lines": 0}, "missing_lines": [106], "excluded_lines": []}, "HdfStorage.__contains__": {"executed_lines": [], "summary": {"covered_lines": 0, "num_statements": 1, "percent_covered": 0.0, "percent_covered_display": "0", "missing_lines": 1, "excluded_lines": 0}, "missing_lines": [110], "excluded_lines": []}, "HdfStorage.__enter__": {"executed_lines": [], "summary": {"covered_lines": 0, "num_statements": 1, "percent_covered": 0.0, "percent_covered_display": "0", "missing_lines": 1, "excluded_lines": 0}, "missing_lines": [114], "excluded_lines": []}, "HdfStorage.__exit__": {"executed_lines": [], "summary": {"covered_lines": 0, "num_statements": 1, "percent_covered": 0.0, "percent_covered_display": "0", "missing_lines": 1, "excluded_lines": 0}, "missing_lines": [123], "excluded_lines": []}, "HdfStorage.store": {"executed_lines": [], "summary": {"covered_lines": 0, "num_statements": 1, "percent_covered": 0.0, "percent_covered_display": "0", "missing_lines": 1, "excluded_lines": 0}, "missing_lines": [129], "excluded_lines": []}, "HdfStorage.load": {"executed_lines": [], "summary": {"covered_lines": 0, "num_statements": 1, "percent_covered": 0.0, "percent_covered_display": "0", "missing_lines": 1, "excluded_lines": 0}, "missing_lines": [133], "excluded_lines": []}, "HdfStorage.delete": {"executed_lines": [], "summary": {"covered_lines": 0, "num_statements": 1, "percent_covered": 0.0, "percent_covered_display": "0", "missing_lines": 1, "excluded_lines": 0}, "missing_lines": [137], "excluded_lines": []}, "HdfStorage.load_metadata": {"executed_lines": [], "summary": {"covered_lines": 0, "num_statements": 1, "percent_covered": 0.0, "percent_covered_display": "0", "missing_lines": 1, "excluded_lines": 0}, "missing_lines": [141], "excluded_lines": []}, "HdfStorage.table_names": {"executed_lines": [], "summary": {"covered_lines": 0, "num_statements": 1, "percent_covered": 0.0, "percent_covered_display": "0", "missing_lines": 1, "excluded_lines": 0}, "missing_lines": [145], "excluded_lines": []}, "HdfStorage.metadata_names": {"executed_lines": [], "summary": {"covered_lines": 0, "num_statements": 1, "percent_covered": 0.0, "percent_covered_display": "0", "missing_lines": 1, "excluded_lines": 0}, "missing_lines": [149], "excluded_lines": []}, "HdfStorage.store_many": {"executed_lines": [], "summary": {"covered_lines": 0, "num_statements": 2, "percent_covered": 0.0, "percent_covered_display": "0", "missing_lines": 2, "excluded_lines": 0}, "missing_lines": [161, 162], "excluded_lines": []}, "HdfStorage.load_many": {"executed_lines": [], "summary": {"covered_lines": 0, "num_statements": 4, "percent_covered": 0.0, "percent_covered_display": "0", "missing_lines": 4, "excluded_lines": 0}, "missing_lines": [177, 178, 179, 180], "excluded_lines": []}, "HdfStorage.delete_many": {"executed_lines": [], "summary": {"covered_lines": 0, "num_statements": 2, "percent_covered": 0.0, "percent_covered_display": "0", "missing_lines": 2, "excluded_lines": 0}, "missing_lines": [190, 191], "excluded_lines": []}, "create_hdf5_file": {"executed_lines": [], "summary": {"covered_lines": 0, "num_statements": 3, "percent_covered": 0.0, "percent_covered_display": "0", "missing_lines": 3, "excluded_lines": 0}, "missing_lines": [196, 197, 198], "excluded_lines": []}, "store_df_hdf5": {"executed_lines": [], "summary": {"covered_lines": 0, "num_statements": 8, "percent_covered": 0.0, "percent_covered_display": "0", "missing_lines": 8, "excluded_lines": 0}, "missing_lines": [203, 204, 205, 206, 207, 208, 209, 210], "excluded_lines": []}, "load_df_hdf5": {"executed_lines": [], "summary": {"covered_lines": 0, "num_statements": 10, "percent_covered": 0.0, "percent_covered_display": "0", "missing_lines": 10, "excluded_lines": 0}, "missing_lines": [215, 216, 218, 219, 221, 222, 223, 224, 225, 226], "excluded_lines": []}, "delete_table_hdf5": {"executed_lines": [], "summary": {"covered_lines": 0, "num_statements": 5, "percent_covered": 0.0, "percent_covered_display": "0", "missing_lines": 5, "excluded_lines": 0}, "missing_lines": [231, 232, 233, 234, 235], "excluded_lines": []}, "load_metadata_hdf5": {"executed_lines": [], "summary": {"covered_lines": 0, "num_statements": 2, "percent_covered": 0.0, "percent_covered_display": "0", "missing_lines": 2, "excluded_lines": 0}, "missing_lines": [240, 241], "excluded_lines": []}, "table_names_hdf5": {"executed_lines": [], "summary": {"covered_lines": 0, "num_statements": 2, "percent_covered": 0.0, "percent_covered_display": "0", "missing_lines": 2, "excluded_lines": 0}, "missing_lines": [246, 247], "excluded_lines": []}, "metadata_names_hdf5": {"executed_lines": [], "summary": {"covered_lines": 0, "num_statements": 2, "percent_covered": 0.0, "percent_covered_display": "0", "missing_lines": 2, "excluded_lines": 0}, "missing_lines": [252, 253], "excluded_lines": []}, "_hdf5_keys": {"executed_lines": [], "summary": {"covered_lines": 0, "num_statements": 2, "percent_covered": 0.0, "percent_covered_display": "0", "missing_lines": 2, "excluded_lines": 0}, "missing_lines": [258, 259], "excluded_lines": []}, "_read_cast_metadata_hdf5": {"executed_lines": [], "summary": {"covered_lines": 0, "num_statements": 3, "percent_covered": 0.0, "percent_covered_display": "0", "missing_lines": 3, "excluded_lines": 0}, "missing_lines": [264, 265, 266], "excluded_lines": []}, "_first_load_df_hdf5": {"executed_lines": [], "summary": {"covered_lines": 0, "num_statements": 3, "percent_covered": 0.0, "percent_covered_display": "0", "missing_lines": 3, "excluded_lines": 0}, "missing_lines": [283, 284, 285], "excluded_lines": []}, "": {"executed_lines": [1, 44, 46, 47, 48, 50, 51, 52, 57, 59, 60, 68, 71, 72, 85, 88, 92, 96, 100, 104, 108, 112, 116, 125, 131, 135, 139, 143, 147, 151, 164, 182, 194, 201, 213, 229, 238, 244, 250, 256, 262, 269], "summary": {"covered_lines": 40, "num_statements": 43, "percent_covered": 93.02325581395348, "percent_covered_display": "93", "missing_lines": 3, "excluded_lines": 1}, "missing_lines": [53, 54, 55], "excluded_lines": [85]}}, "classes": {"HdfStorage": {"executed_lines": [], "summary": {"covered_lines": 0, "num_statements": 26, "percent_covered": 0.0, "percent_covered_display": "0", "missing_lines": 26, "excluded_lines": 1}, "missing_lines": [77, 78, 81, 83, 90, 94, 98, 102, 106, 110, 114, 123, 129, 133, 137, 141, 145, 149, 161, 162, 177, 178, 179, 180, 190, 191], "excluded_lines": [86]}, "": {"executed_lines": [1, 44, 46, 47, 48, 50, 51, 52, 57, 59, 60, 68, 71, 72, 85, 88, 92, 96, 100, 104, 108, 112, 116, 125, 131, 135, 139, 143, 147, 151, 164, 182, 194, 201, 213, 229, 238, 244, 250, 256, 262, 269], "summary": {"covered_lines": 40, "num_statements": 83, "percent_covered": 48.19277108433735, "percent_covered_display": "48", "missing_lines": 43, "excluded_lines": 1}, "missing_lines": [53, 54, 55, 196, 197, 198, 203, 204, 205, 206, 207, 208, 209, 210, 215, 216, 218, 219, 221, 222, 223, 224, 225, 226, 231, 232, 233, 234, 235, 240, 241, 246, 247, 252, 253, 258, 259, 264, 265, 266, 283, 284, 285], "excluded_lines": [85]}}}, "src/trashpandas/interfaces.py": {"executed_lines": [1, 3, 5, 6, 8, 15, 16, 22, 23, 33, 34, 46, 47, 56, 57, 70, 71, 84, 85, 95, 96, 108, 109, 118, 119, 128, 129, 141, 142, 151, 152, 169, 170, 172, 173, 183, 184, 186, 187, 200, 201, 214, 215, 221, 222, 235, 236, 249, 250, 260, 261, 273, 282, 283, 299, 315, 336, 353, 354, 356], "summary": {"covered_lines": 14, "num_statements": 26, "percent_covered": 53.84615384615385, "percent_covered_display": "54", "missing_lines": 12, "excluded_lines": 232}, "missing_lines": [9, 10, 12, 280, 312, 313, 331, 332, 333, 334, 349, 350], "excluded_lines": [22, 23, 24, 25, 26, 27, 28, 29, 30, 31, 33, 34, 35, 36, 37, 38, 39, 40, 41, 42, 43, 44, 46, 47, 48, 49, 50, 51, 52, 53, 54, 56, 57, 58, 59, 60, 61, 62, 63, 64, 65, 66, 67, 68, 70, 71, 72, 73, 74, 75, 76, 77, 78, 79, 80, 81, 82, 84, 85, 86, 87, 88, 89, 90, 91, 92, 93, 95, 96, 97, 98, 99, 100, 101, 102, 103, 104, 105, 106, 108, 109, 110, 111, 112, 113, 114, 115, 116, 118, 119, 120, 121, 122, 123, 124, 125, 126, 128, 129, 130, 131, 132, 133, 134, 135, 136, 137, 138, 139, 141, 142, 143, 144, 145, 146, 147, 148, 149, 151, 152, 153, 154, 155, 156, 157, 158, 159, 160, 161, 162, 163, 164, 165, 166, 172, 173, 174, 175, 176, 177, 178, 179, 180, 186, 187, 188, 189, 190, 191, 192, 193, 194, 195, 196, 197, 198, 200, 201, 202, 203, 204, 205, 206, 207, 208, 209, 210, 211, 221, 222, 223, 224, 225, 226, 227, 228, 229, 230, 231, 232, 233, 235, 236, 237, 238, 239, 240, 241, 242, 243, 244, 245, 246, 247, 249, 250, 251, 252, 253, 254, 255, 256, 257, 258, 260, 261, 262, 263, 264, 265, 266, 267, 268, 269, 270, 271, 282, 283, 284, 285, 286, 287, 288, 289, 290, 291, 292, 293, 294, 295, 296, 297], "functions": {"IStorage.__setitem__": {"executed_lines": [], "summary": {"covered_lines": 0, "num_statements": 0, "percent_covered": 100.0, "percent_covered_display": "100", "missing_lines": 0, "excluded_lines": 8}, "missing_lines": [], "excluded_lines": [24, 25, 26, 27, 28, 29, 30, 31]}, "IStorage.__getitem__": {"executed_lines": [], "summary": {"covered_lines": 0, "num_statements": 0, "percent_covered": 100.0, "percent_covered_display": "100", "missing_lines": 0, "excluded_lines": 10}, "missing_lines": [], "excluded_lines": [35, 36, 37, 38, 39, 40, 41, 42, 43, 44]}, "IStorage.__delitem__": {"executed_lines": [], "summary": {"covered_lines": 0, "num_statements": 0, "percent_covered": 100.0, "percent_covered_display": "100", "missing_lines": 0, "excluded_lines": 7}, "missing_lines": [], "excluded_lines": [48, 49, 50, 51, 52, 53, 54]}, "IStorage.store": {"executed_lines": [], "summary": {"covered_lines": 0, "num_statements": 0, "percent_covered": 100.0, "percent_covered_display": "100", "missing_lines": 0, "excluded_lines": 9}, "missing_lines": [], "excluded_lines": [60, 61, 62, 63, 64, 65, 66, 67, 68]}, "IStorage.load": {"executed_lines": [], "summary": {"covered_lines": 0, "num_statements": 0, "percent_covered": 100.0, "percent_covered_display": "100", "missing_lines": 0, "excluded_lines": 11}, "missing_lines": [], "excluded_lines": [72, 73, 74, 75, 76, 77, 78, 79, 80, 81, 82]}, "IStorage.delete": {"executed_lines": [], "summary": {"covered_lines": 0, "num_statements": 0, "percent_covered": 100.0, "percent_covered_display": "100", "missing_lines": 0, "excluded_lines": 8}, "missing_lines": [], "excluded_lines": [86, 87, 88, 89, 90, 91, 92, 93]}, "IStorage.table_names": {"executed_lines": [], "summary": {"covered_lines": 0, "num_statements": 0, "percent_covered": 100.0, "percent_covered_display": "100", "missing_lines": 0, "excluded_lines": 10}, "missing_lines": [], "excluded_lines": [97, 98, 99, 100, 101, 102, 103, 104, 105, 106]}, "IStorage.__iter__": {"executed_lines": [], "summary": {"covered_lines": 0, "num_statements": 0, "percent_covered": 100.0, "percent_covered_display": "100", "missing_lines": 0, "excluded_lines": 7}, "missing_lines": [], "excluded_lines": [110, 111, 112, 113, 114, 115, 116]}, "IStorage.__len__": {"executed_lines": [], "summary": {"covered_lines": 0, "num_statements": 0, "percent_covered": 100.0, "percent_covered_display": "100", "missing_lines": 0, "excluded_lines": 7}, "missing_lines": [], "excluded_lines": [120, 121, 122, 123, 124, 125, 126]}, "IStorage.__contains__": {"executed_lines": [], "summary": {"covered_lines": 0, "num_statements": 0, "percent_covered": 100.0, "percent_covered_display": "100", "missing_lines": 0, "excluded_lines": 10}, "missing_lines": [], "excluded_lines": [130, 131, 132, 133, 134, 135, 136, 137, 138, 139]}, "IStorage.__enter__": {"executed_lines": [], "summary": {"covered_lines": 0, "num_statements": 0, "percent_covered": 100.0, "percent_covered_display": "100", "missing_lines": 0, "excluded_lines": 7}, "missing_lines": [], "excluded_lines": [143, 144, 145, 146, 147, 148, 149]}, "IStorage.__exit__": {"executed_lines": [], "summary": {"covered_lines": 0, "num_statements": 0, "percent_covered": 100.0, "percent_covered_display": "100", "missing_lines": 0, "excluded_lines": 9}, "missing_lines": [], "excluded_lines": [158, 159, 160, 161, 162, 163, 164, 165, 166]}, "IFileStorage.__init__": {"executed_lines": [], "summary": {"covered_lines": 0, "num_statements": 0, "percent_covered": 100.0, "percent_covered_display": "100", "missing_lines": 0, "excluded_lines": 7}, "missing_lines": [], "excluded_lines": [174, 175, 176, 177, 178, 179, 180]}, "ISqlStorage.load_metadata": {"executed_lines": [], "summary": {"covered_lines": 0, "num_statements": 0, "percent_covered": 100.0, "percent_covered_display": "100", "missing_lines": 0, "excluded_lines": 11}, "missing_lines": [], "excluded_lines": [188, 189, 190, 191, 192, 193, 194, 195, 196, 197, 198]}, "ISqlStorage.metadata_names": {"executed_lines": [], "summary": {"covered_lines": 0, "num_statements": 0, "percent_covered": 100.0, "percent_covered_display": "100", "missing_lines": 0, "excluded_lines": 10}, "missing_lines": [], "excluded_lines": [202, 203, 204, 205, 206, 207, 208, 209, 210, 211]}, "IAsyncStorage.store": {"executed_lines": [], "summary": {"covered_lines": 0, "num_statements": 0, "percent_covered": 100.0, "percent_covered_display": "100", "missing_lines": 0, "excluded_lines": 9}, "missing_lines": [], "excluded_lines": [225, 226, 227, 228, 229, 230, 231, 232, 233]}, "IAsyncStorage.load": {"executed_lines": [], "summary": {"covered_lines": 0, "num_statements": 0, "percent_covered": 100.0, "percent_covered_display": "100", "missing_lines": 0, "excluded_lines": 11}, "missing_lines": [], "excluded_lines": [237, 238, 239, 240, 241, 242, 243, 244, 245, 246, 247]}, "IAsyncStorage.delete": {"executed_lines": [], "summary": {"covered_lines": 0, "num_statements": 0, "percent_covered": 100.0, "percent_covered_display": "100", "missing_lines": 0, "excluded_lines": 8}, "missing_lines": [], "excluded_lines": [251, 252, 253, 254, 255, 256, 257, 258]}, "IAsyncStorage.table_names": {"executed_lines": [], "summary": {"covered_lines": 0, "num_statements": 0, "percent_covered": 100.0, "percent_covered_display": "100", "missing_lines": 0, "excluded_lines": 10}, "missing_lines": [], "excluded_lines": [262, 263, 264, 265, 266, 267, 268, 269, 270, 271]}, "IAsyncStorage.__aenter__": {"executed_lines": [], "summary": {"covered_lines": 0, "num_statements": 1, "percent_covered": 0.0, "percent_covered_display": "0", "missing_lines": 1, "excluded_lines": 0}, "missing_lines": [280], "excluded_lines": []}, "IAsyncStorage.__aexit__": {"executed_lines": [], "summary": {"covered_lines": 0, "num_statements": 0, "percent_covered": 100.0, "percent_covered_display": "100", "missing_lines": 0, "excluded_lines": 9}, "missing_lines": [], "excluded_lines": [289, 290, 291, 292, 293, 294, 295, 296, 297]}, "IAsyncStorage.store_many": {"executed_lines": [], "summary": {"covered_lines": 0, "num_statements": 2, "percent_covered": 0.0, "percent_covered_display": "0", "missing_lines": 2, "excluded_lines": 0}, "missing_lines": [312, 313], "excluded_lines": []}, "IAsyncStorage.load_many": {"executed_lines": [], "summary": {"covered_lines": 0, "num_statements": 4, "percent_covered": 0.0, "percent_covered_display": "0", "missing_lines": 4, "excluded_lines": 0}, "missing_lines": [331, 332, 333, 334], "excluded_lines": []}, "IAsyncStorage.delete_many": {"executed_lines": [], "summary": {"covered_lines": 0, "num_statements": 2, "percent_covered": 0.0, "percent_covered_display": "0", "missing_lines": 2, "excluded_lines": 0}, "missing_lines": [349, 350], "excluded_lines": []}, "": {"executed_lines": [1, 3, 5, 6, 8, 15, 16, 22, 23, 33, 34, 46, 47, 56, 57, 70, 71, 84, 85, 95, 96, 108, 109, 118, 119, 128, 129, 141, 142, 151, 152, 169, 170, 172, 173, 183, 184, 186, 187, 200, 201, 214, 215, 221, 222, 235, 236, 249, 250, 260, 261, 273, 282, 283, 299, 315, 336, 353, 354, 356], "summary": {"covered_lines": 14, "num_statements": 17, "percent_covered": 82.3529411764706, "percent_covered_display": "82", "missing_lines": 3, "excluded_lines": 54}, "missing_lines": [9, 10, 12], "excluded_lines": [22, 23, 33, 34, 46, 47, 56, 57, 58, 59, 70, 71, 84, 85, 95, 96, 108, 109, 118, 119, 128, 129, 141, 142, 151, 152, 153, 154, 155, 156, 157, 172, 173, 186, 187, 200, 201, 221, 222, 223, 224, 235, 236, 249, 250, 260, 261, 282, 283, 284, 285, 286, 287, 288]}}, "classes": {"IStorage": {"executed_lines": [], "summary": {"covered_lines": 0, "num_statements": 0, "percent_covered": 100.0, "percent_covered_display": "100", "missing_lines": 0, "excluded_lines": 103}, "missing_lines": [], "excluded_lines": [24, 25, 26, 27, 28, 29, 30, 31, 35, 36, 37, 38, 39, 40, 41, 42, 43, 44, 48, 49, 50, 51, 52, 53, 54, 60, 61, 62, 63, 64, 65, 66, 67, 68, 72, 73, 74, 75, 76, 77, 78, 79, 80, 81, 82, 86, 87, 88, 89, 90, 91, 92, 93, 97, 98, 99, 100, 101, 102, 103, 104, 105, 106, 110, 111, 112, 113, 114, 115, 116, 120, 121, 122, 123, 124, 125, 126, 130, 131, 132, 133, 134, 135, 136, 137, 138, 139, 143, 144, 145, 146, 147, 148, 149, 158, 159, 160, 161, 162, 163, 164, 165, 166]}, "IFileStorage": {"executed_lines": [], "summary": {"covered_lines": 0, "num_statements": 0, "percent_covered": 100.0, "percent_covered_display": "100", "missing_lines": 0, "excluded_lines": 7}, "missing_lines": [], "excluded_lines": [174, 175, 176, 177, 178, 179, 180]}, "ISqlStorage": {"executed_lines": [], "summary": {"covered_lines": 0, "num_statements": 0, "percent_covered": 100.0, "percent_covered_display": "100", "missing_lines": 0, "excluded_lines": 21}, "missing_lines": [], "excluded_lines": [188, 189, 190, 191, 192, 193, 194, 195, 196, 197, 198, 202, 203, 204, 205, 206, 207, 208, 209, 210, 211]}, "IAsyncStorage": {"executed_lines": [], "summary": {"covered_lines": 0, "num_statements": 9, "percent_covered": 0.0, "percent_covered_display": "0", "missing_lines": 9, "excluded_lines": 47}, "missing_lines": [280, 312, 313, 331, 332, 333, 334, 349, 350], "excluded_lines": [225, 226, 227, 228, 229, 230, 231, 232, 233, 237, 238, 239, 240, 241, 242, 243, 244, 245, 246, 247, 251, 252, 253, 254, 255, 256, 257, 258, 262, 263, 264, 265, 266, 267, 268, 269, 270, 271, 289, 290, 291, 292, 293, 294, 295, 296, 297]}, "IAsyncFileStorage": {"executed_lines": [], "summary": {"covered_lines": 0, "num_statements": 0, "percent_covered": 100.0, "percent_covered_display": "100", "missing_lines": 0, "excluded_lines": 0}, "missing_lines": [], "excluded_lines": []}, "": {"executed_lines": [1, 3, 5, 6, 8, 15, 16, 22, 23, 33, 34, 46, 47, 56, 57, 70, 71, 84, 85, 95, 96, 108, 109, 118, 119, 128, 129, 141, 142, 151, 152, 169, 170, 172, 173, 183, 184, 186, 187, 200, 201, 214, 215, 221, 222, 235, 236, 249, 250, 260, 261, 273, 282, 283, 299, 315, 336, 353, 354, 356], "summary": {"covered_lines": 14, "num_statements": 17, "percent_covered": 82.3529411764706, "percent_covered_display": "82", "missing_lines": 3, "excluded_lines": 54}, "missing_lines": [9, 10, 12], "excluded_lines": [22, 23, 33, 34, 46, 47, 56, 57, 58, 59, 70, 71, 84, 85, 95, 96, 108, 109, 118, 119, 128, 129, 141, 142, 151, 152, 153, 154, 155, 156, 157, 172, 173, 186, 187, 200, 201, 221, 222, 223, 224, 235, 236, 249, 250, 260, 261, 282, 283, 284, 285, 286, 287, 288]}}}, "src/trashpandas/metadata.py": {"executed_lines": [1, 3, 5, 6, 8, 9, 11, 14, 15, 16, 23, 24, 25, 26, 27, 28, 29, 30, 32, 33, 48, 49, 52, 53, 55, 56, 57, 58, 69, 78, 85, 88, 98, 99, 107, 109, 110, 169, 176, 178, 185, 187, 195, 196, 197, 198, 203, 204, 205, 210, 217, 219, 220, 221, 226, 228], "summary": {"covered_lines": 52, "num_statements": 81, "percent_covered": 64.19753086419753, "percent_covered_display": "64", "missing_lines": 29, "excluded_lines": 8}, "missing_lines": [60, 61, 62, 64, 65, 67, 89, 127, 129, 130, 131, 138, 139, 140, 141, 143, 144, 145, 146, 148, 149, 150, 152, 153, 155, 164, 165, 211, 212], "excluded_lines": [226, 227, 228, 229, 230, 231, 232, 233], "functions": {"TableMetadata.from_dataframe": {"executed_lines": [48, 49, 52, 53, 55, 56, 57, 58, 69], "summary": {"covered_lines": 9, "num_statements": 15, "percent_covered": 60.0, "percent_covered_display": "60", "missing_lines": 6, "excluded_lines": 0}, "missing_lines": [60, 61, 62, 64, 65, 67], "excluded_lines": []}, "TableMetadata.to_dataframe": {"executed_lines": [85, 88, 98, 99, 107], "summary": {"covered_lines": 5, "num_statements": 6, "percent_covered": 83.33333333333333, "percent_covered_display": "83", "missing_lines": 1, "excluded_lines": 0}, "missing_lines": [89], "excluded_lines": []}, "TableMetadata.from_dataframe_metadata": {"executed_lines": [], "summary": {"covered_lines": 0, "num_statements": 20, "percent_covered": 0.0, "percent_covered_display": "0", "missing_lines": 20, "excluded_lines": 0}, "missing_lines": [127, 129, 130, 131, 138, 139, 140, 141, 143, 144, 145, 146, 148, 149, 150, 152, 153, 155, 164, 165], "excluded_lines": []}, "TableMetadata.get_column_types": {"executed_lines": [176], "summary": {"covered_lines": 1, "num_statements": 1, "percent_covered": 100.0, "percent_covered_display": "100", "missing_lines": 0, "excluded_lines": 0}, "missing_lines": [], "excluded_lines": []}, "TableMetadata.get_index_types": {"executed_lines": [185], "summary": {"covered_lines": 1, "num_statements": 1, "percent_covered": 100.0, "percent_covered_display": "100", "missing_lines": 0, "excluded_lines": 0}, "missing_lines": [], "excluded_lines": []}, "TableMetadata.validate": {"executed_lines": [195, 196, 197, 198, 203, 204, 205, 210], "summary": {"covered_lines": 8, "num_statements": 10, "percent_covered": 80.0, "percent_covered_display": "80", "missing_lines": 2, "excluded_lines": 0}, "missing_lines": [211, 212], "excluded_lines": []}, "TableMetadata.__str__": {"executed_lines": [219, 220, 221], "summary": {"covered_lines": 3, "num_statements": 3, "percent_covered": 100.0, "percent_covered_display": "100", "missing_lines": 0, "excluded_lines": 0}, "missing_lines": [], "excluded_lines": []}, "TableMetadata.__repr__": {"executed_lines": [228], "summary": {"covered_lines": 0, "num_statements": 0, "percent_covered": 100.0, "percent_covered_display": "100", "missing_lines": 0, "excluded_lines": 7}, "missing_lines": [], "excluded_lines": [227, 228, 229, 230, 231, 232, 233]}, "": {"executed_lines": [1, 3, 5, 6, 8, 9, 11, 14, 15, 16, 23, 24, 25, 26, 27, 28, 29, 30, 32, 33, 78, 109, 110, 169, 178, 187, 217, 226], "summary": {"covered_lines": 25, "num_statements": 25, "percent_covered": 100.0, "percent_covered_display": "100", "missing_lines": 0, "excluded_lines": 1}, "missing_lines": [], "excluded_lines": [226]}}, "classes": {"TableMetadata": {"executed_lines": [48, 49, 52, 53, 55, 56, 57, 58, 69, 85, 88, 98, 99, 107, 176, 185, 195, 196, 197, 198, 203, 204, 205, 210, 219, 220, 221, 228], "summary": {"covered_lines": 27, "num_statements": 56, "percent_covered": 48.214285714285715, "percent_covered_display": "48", "missing_lines": 29, "excluded_lines": 7}, "missing_lines": [60, 61, 62, 64, 65, 67, 89, 127, 129, 130, 131, 138, 139, 140, 141, 143, 144, 145, 146, 148, 149, 150, 152, 153, 155, 164, 165, 211, 212], "excluded_lines": [227, 228, 229, 230, 231, 232, 233]}, "": {"executed_lines": [1, 3, 5, 6, 8, 9, 11, 14, 15, 16, 23, 24, 25, 26, 27, 28, 29, 30, 32, 33, 78, 109, 110, 169, 178, 187, 217, 226], "summary": {"covered_lines": 25, "num_statements": 25, "percent_covered": 100.0, "percent_covered_display": "100", "missing_lines": 0, "excluded_lines": 1}, "missing_lines": [], "excluded_lines": [226]}}}, "src/trashpandas/pickle.py": {"executed_lines": [1, 57, 59, 60, 61, 63, 65, 66, 69, 87, 88, 91, 92, 108, 109, 110, 111, 113, 116, 118, 120, 122, 124, 126, 128, 130, 132, 134, 136, 138, 140, 142, 144, 151, 153, 157, 161, 163, 167, 169, 173, 175, 177, 187, 188, 192, 205, 206, 207, 208, 210, 218, 219, 224, 241, 242, 243, 246, 249, 267, 268, 269, 272, 275, 282, 283, 284, 285, 288, 290, 291, 298, 305, 306, 307, 308], "summary": {"covered_lines": 74, "num_statements": 74, "percent_covered": 100.0, "percent_covered_display": "100", "missing_lines": 0, "excluded_lines": 2}, "missing_lines": [], "excluded_lines": [113, 114], "functions": {"_safe_read_pickle": {"executed_lines": [87, 88], "summary": {"covered_lines": 2, "num_statements": 2, "percent_covered": 100.0, "percent_covered_display": "100", "missing_lines": 0, "excluded_lines": 0}, "missing_lines": [], "excluded_lines": []}, "PickleStorage.__init__": {"executed_lines": [108, 109, 110, 111], "summary": {"covered_lines": 4, "num_statements": 4, "percent_covered": 100.0, "percent_covered_display": "100", "missing_lines": 0, "excluded_lines": 0}, "missing_lines": [], "excluded_lines": []}, "PickleStorage.__repr__": {"executed_lines": [], "summary": {"covered_lines": 0, "num_statements": 0, "percent_covered": 100.0, "percent_covered_display": "100", "missing_lines": 0, "excluded_lines": 1}, "missing_lines": [], "excluded_lines": [114]}, "PickleStorage.__setitem__": {"executed_lines": [118], "summary": {"covered_lines": 1, "num_statements": 1, "percent_covered": 100.0, "percent_covered_display": "100", "missing_lines": 0, "excluded_lines": 0}, "missing_lines": [], "excluded_lines": []}, "PickleStorage.__getitem__": {"executed_lines": [122], "summary": {"covered_lines": 1, "num_statements": 1, "percent_covered": 100.0, "percent_covered_display": "100", "missing_lines": 0, "excluded_lines": 0}, "missing_lines": [], "excluded_lines": []}, "PickleStorage.__delitem__": {"executed_lines": [126], "summary": {"covered_lines": 1, "num_statements": 1, "percent_covered": 100.0, "percent_covered_display": "100", "missing_lines": 0, "excluded_lines": 0}, "missing_lines": [], "excluded_lines": []}, "PickleStorage.__iter__": {"executed_lines": [130], "summary": {"covered_lines": 1, "num_statements": 1, "percent_covered": 100.0, "percent_covered_display": "100", "missing_lines": 0, "excluded_lines": 0}, "missing_lines": [], "excluded_lines": []}, "PickleStorage.__len__": {"executed_lines": [134], "summary": {"covered_lines": 1, "num_statements": 1, "percent_covered": 100.0, "percent_covered_display": "100", "missing_lines": 0, "excluded_lines": 0}, "missing_lines": [], "excluded_lines": []}, "PickleStorage.__contains__": {"executed_lines": [138], "summary": {"covered_lines": 1, "num_statements": 1, "percent_covered": 100.0, "percent_covered_display": "100", "missing_lines": 0, "excluded_lines": 0}, "missing_lines": [], "excluded_lines": []}, "PickleStorage.__enter__": {"executed_lines": [142], "summary": {"covered_lines": 1, "num_statements": 1, "percent_covered": 100.0, "percent_covered_display": "100", "missing_lines": 0, "excluded_lines": 0}, "missing_lines": [], "excluded_lines": []}, "PickleStorage.__exit__": {"executed_lines": [151], "summary": {"covered_lines": 1, "num_statements": 1, "percent_covered": 10
[...]
 "100", "missing_lines": 0, "excluded_lines": 0}, "missing_lines": [], "excluded_lines": []}, "PickleStorage.table_names": {"executed_lines": [175], "summary": {"covered_lines": 1, "num_statements": 1, "percent_covered": 100.0, "percent_covered_display": "100", "missing_lines": 0, "excluded_lines": 0}, "missing_lines": [], "excluded_lines": []}, "PickleStorage.store_many": {"executed_lines": [187, 188], "summary": {"covered_lines": 2, "num_statements": 2, "percent_covered": 100.0, "percent_covered_display": "100", "missing_lines": 0, "excluded_lines": 0}, "missing_lines": [], "excluded_lines": []}, "PickleStorage.load_many": {"executed_lines": [205, 206, 207, 208], "summary": {"covered_lines": 4, "num_statements": 4, "percent_covered": 100.0, "percent_covered_display": "100", "missing_lines": 0, "excluded_lines": 0}, "missing_lines": [], "excluded_lines": []}, "PickleStorage.delete_many": {"executed_lines": [218, 219], "summary": {"covered_lines": 2, "num_statements": 2, "percent_covered": 100.0, "percent_covered_display": "100", "missing_lines": 0, "excluded_lines": 0}, "missing_lines": [], "excluded_lines": []}, "store_df_pickle": {"executed_lines": [241, 242, 243, 246], "summary": {"covered_lines": 4, "num_statements": 4, "percent_covered": 100.0, "percent_covered_display": "100", "missing_lines": 0, "excluded_lines": 0}, "missing_lines": [], "excluded_lines": []}, "load_df_pickle": {"executed_lines": [267, 268, 269, 272], "summary": {"covered_lines": 4, "num_statements": 4, "percent_covered": 100.0, "percent_covered_display": "100", "missing_lines": 0, "excluded_lines": 0}, "missing_lines": [], "excluded_lines": []}, "delete_table_pickle": {"executed_lines": [282, 283, 284, 285], "summary": {"covered_lines": 4, "num_statements": 4, "percent_covered": 100.0, "percent_covered_display": "100", "missing_lines": 0, "excluded_lines": 0}, "missing_lines": [], "excluded_lines": []}, "table_names_pickle": {"executed_lines": [290, 291], "summary": {"covered_lines": 2, "num_statements": 2, "percent_covered": 100.0, "percent_covered_display": "100", "missing_lines": 0, "excluded_lines": 0}, "missing_lines": [], "excluded_lines": []}, "_get_pickle_path": {"executed_lines": [305, 306, 307, 308], "summary": {"covered_lines": 4, "num_statements": 4, "percent_covered": 100.0, "percent_covered_display": "100", "missing_lines": 0, "excluded_lines": 0}, "missing_lines": [], "excluded_lines": []}, "": {"executed_lines": [1, 57, 59, 60, 61, 63, 65, 66, 69, 91, 92, 113, 116, 120, 124, 128, 132, 136, 140, 144, 153, 161, 167, 173, 177, 192, 210, 224, 249, 275, 288, 298], "summary": {"covered_lines": 30, "num_statements": 30, "percent_covered": 100.0, "percent_covered_display": "100", "missing_lines": 0, "excluded_lines": 1}, "missing_lines": [], "excluded_lines": [113]}}, "classes": {"PickleStorage": {"executed_lines": [108, 109, 110, 111, 118, 122, 126, 130, 134, 138, 142, 151, 157, 163, 169, 175, 187, 188, 205, 206, 207, 208, 218, 219], "summary": {"covered_lines": 24, "num_statements": 24, "percent_covered": 100.0, "percent_covered_display": "100", "missing_lines": 0, "excluded_lines": 1}, "missing_lines": [], "excluded_lines": [114]}, "": {"executed_lines": [1, 57, 59, 60, 61, 63, 65, 66, 69, 87, 88, 91, 92, 113, 116, 120, 124, 128, 132, 136, 140, 144, 153, 161, 167, 173, 177, 192, 210, 224, 241, 242, 243, 246, 249, 267, 268, 269, 272, 275, 282, 283, 284, 285, 288, 290, 291, 298, 305, 306, 307, 308], "summary": {"covered_lines": 50, "num_statements": 50, "percent_covered": 100.0, "percent_covered_display": "100", "missing_lines": 0, "excluded_lines": 1}, "missing_lines": [], "excluded_lines": [113]}}}, "src/trashpandas/sql.py": {"executed_lines": [1, 62, 64, 66, 67, 68, 70, 71, 78, 80, 84, 85, 90, 91, 92, 94, 97, 99, 101, 103, 105, 107, 109, 111, 113, 115, 117, 119, 121, 123, 125, 132, 133, 135, 139, 141, 143, 145, 147, 149, 153, 155, 157, 159, 161, 171, 172, 173, 175, 188, 189, 190, 191, 193, 201, 202, 203, 205, 231, 235, 261, 265, 266, 267, 268, 269, 270, 271, 280, 284, 285, 286, 288, 289, 291, 292, 293, 294, 299, 300, 303, 307, 308, 309, 310, 312, 313, 314, 317, 325, 327, 328, 331, 333, 334, 337, 341, 342, 343, 346, 350, 355, 357, 358, 361, 371, 374, 375, 378, 393, 396, 409, 410, 411, 413, 416, 454, 456, 459, 460, 463, 467, 468, 471, 473, 474, 475, 481, 483, 486, 489, 493, 494, 500, 503, 504, 508, 511, 513, 514, 515, 516, 517, 522, 523, 524, 525, 526, 529, 532, 533, 536, 537, 538, 543, 546], "summary": {"covered_lines": 154, "num_statements": 165, "percent_covered": 93.33333333333333, "percent_covered_display": "93", "missing_lines": 11, "excluded_lines": 2}, "missing_lines": [81, 151, 256, 321, 322, 351, 352, 505, 539, 541, 570], "excluded_lines": [94, 95], "functions": {"SqlStorage.__init__": {"executed_lines": [90, 91, 92], "summary": {"covered_lines": 3, "num_statements": 3, "percent_covered": 100.0, "percent_covered_display": "100", "missing_lines": 0, "excluded_lines": 0}, "missing_lines": [], "excluded_lines": []}, "SqlStorage.__repr__": {"executed_lines": [], "summary": {"covered_lines": 0, "num_statements": 0, "percent_covered": 100.0, "percent_covered_display": "100", "missing_lines": 0, "excluded_lines": 1}, "missing_lines": [], "excluded_lines": [95]}, "SqlStorage.__setitem__": {"executed_lines": [99], "summary": {"covered_lines": 1, "num_statements": 1, "percent_covered": 100.0, "percent_covered_display": "100", "missing_lines": 0, "excluded_lines": 0}, "missing_lines": [], "excluded_lines": []}, "SqlStorage.__getitem__": {"executed_lines": [103], "summary": {"covered_lines": 1, "num_statements": 1, "percent_covered": 100.0, "percent_covered_display": "100", "missing_lines": 0, "excluded_lines": 0}, "missing_lines": [], "excluded_lines": []}, "SqlStorage.__delitem__": {"executed_lines": [107], "summary": {"covered_lines": 1, "num_statements": 1, "percent_covered": 100.0, "percent_covered_display": "100", "missing_lines": 0, "excluded_lines": 0}, "missing_lines": [], "excluded_lines": []}, "SqlStorage.__iter__": {"executed_lines": [111], "summary": {"covered_lines": 1, "num_statements": 1, "percent_covered": 100.0, "percent_covered_display": "100", "missing_lines": 0, "excluded_lines": 0}, "missing_lines": [], "excluded_lines": []}, "SqlStorage.__len__": {"executed_lines": [115], "summary": {"covered_lines": 1, "num_statements": 1, "percent_covered": 100.0, "percent_covered_display": "100", "missing_lines": 0, "excluded_lines": 0}, "missing_lines": [], "excluded_lines": []}, "SqlStorage.__contains__": {"executed_lines": [119], "summary": {"covered_lines": 1, "num_statements": 1, "percent_covered": 100.0, "percent_covered_display": "100", "missing_lines": 0, "excluded_lines": 0}, "missing_lines": [], "excluded_lines": []}, "SqlStorage.__enter__": {"executed_lines": [123], "summary": {"covered_lines": 1, "num_statements": 1, "percent_covered": 100.0, "percent_covered_display": "100", "missing_lines": 0, "excluded_lines": 0}, "missing_lines": [], "excluded_lines": []}, "SqlStorage.__exit__": {"executed_lines": [132, 133], "summary": {"covered_lines": 2, "num_statements": 2, "percent_covered": 100.0, "percent_covered_display": "100", "missing_lines": 0, "excluded_lines": 0}, "missing_lines": [], "excluded_lines": []}, "SqlStorage.store": {"executed_lines": [139], "summary": {"covered_lines": 1, "num_statements": 1, "percent_covered": 100.0, "percent_covered_display": "100", "missing_lines": 0, "excluded_lines": 0}, "missing_lines": [], "excluded_lines": []}, "SqlStorage.load": {"executed_lines": [143], "summary": {"covered_lines": 1, "num_statements": 1, "percent_covered": 100.0, "percent_covered_display": "100", "missing_lines": 0, "excluded_lines": 0}, "missing_lines": [], "excluded_lines": []}, "SqlStorage.delete": {"executed_lines": [147], "summary": {"covered_lines": 1, "num_statements": 1, "percent_covered": 100.0, "percent_covered_display": "100", "missing_lines": 0, "excluded_lines": 0}, "missing_lines": [], "excluded_lines": []}, "SqlStorage.load_metadata": {"executed_lines": [], "summary": {"covered_lines": 0, "num_statements": 1, "percent_covered": 0.0, "percent_covered_display": "0", "missing_lines": 1, "excluded_lines": 0}, "missing_lines": [151], "excluded_lines": []}, "SqlStorage.table_names": {"executed_lines": [155], "summary": {"covered_lines": 1, "num_statements": 1, "percent_covered": 100.0, "percent_covered_display": "100", "missing_lines": 0, "excluded_lines": 0}, "missing_lines": [], "excluded_lines": []}, "SqlStorage.metadata_names": {"executed_lines": [159], "summary": {"covered_lines": 1, "num_statements": 1, "percent_covered": 100.0, "percent_covered_display": "100", "missing_lines": 0, "excluded_lines": 0}, "missing_lines": [], "excluded_lines": []}, "SqlStorage.store_many": {"executed_lines": [171, 172, 173], "summary": {"covered_lines": 3, "num_statements": 3, "percent_covered": 100.0, "percent_covered_display": "100", "missing_lines": 0, "excluded_lines": 0}, "missing_lines": [], "excluded_lines": []}, "SqlStorage.load_many": {"executed_lines": [188, 189, 190, 191], "summary": {"covered_lines": 4, "num_statements": 4, "percent_covered": 100.0, "percent_covered_display": "100", "missing_lines": 0, "excluded_lines": 0}, "missing_lines": [], "excluded_lines": []}, "SqlStorage.delete_many": {"executed_lines": [201, 202, 203], "summary": {"covered_lines": 3, "num_statements": 3, "percent_covered": 100.0, "percent_covered_display": "100", "missing_lines": 0, "excluded_lines": 0}, "missing_lines": [], "excluded_lines": []}, "SqlStorage.query": {"executed_lines": [231], "summary": {"covered_lines": 1, "num_statements": 1, "percent_covered": 100.0, "percent_covered_display": "100", "missing_lines": 0, "excluded_lines": 0}, "missing_lines": [], "excluded_lines": []}, "SqlStorage.query_async": {"executed_lines": [], "summary": {"covered_lines": 0, "num_statements": 1, "percent_covered": 0.0, "percent_covered_display": "0", "missing_lines": 1, "excluded_lines": 0}, "missing_lines": [256], "excluded_lines": []}, "store_df_sql": {"executed_lines": [265, 266, 267, 268, 269, 270, 271], "summary": {"covered_lines": 7, "num_statements": 7, "percent_covered": 100.0, "percent_covered_display": "100", "missing_lines": 0, "excluded_lines": 0}, "missing_lines": [], "excluded_lines": []}, "load_df_sql": {"executed_lines": [284, 285, 286, 288, 289, 291, 292, 293, 294, 299, 300], "summary": {"covered_lines": 11, "num_statements": 11, "percent_covered": 100.0, "percent_covered_display": "100", "missing_lines": 0, "excluded_lines": 0}, "missing_lines": [], "excluded_lines": []}, "delete_table_sql": {"executed_lines": [307, 308, 309, 310, 312, 313, 314], "summary": {"covered_lines": 7, "num_statements": 7, "percent_covered": 100.0, "percent_covered_display": "100", "missing_lines": 0, "excluded_lines": 0}, "missing_lines": [], "excluded_lines": []}, "load_metadata_sql": {"executed_lines": [], "summary": {"covered_lines": 0, "num_statements": 2, "percent_covered": 0.0, "percent_covered_display": "0", "missing_lines": 2, "excluded_lines": 0}, "missing_lines": [321, 322], "excluded_lines": []}, "table_names_sql": {"executed_lines": [327, 328], "summary": {"covered_lines": 2, "num_statements": 2, "percent_covered": 100.0, "percent_covered_display": "100", "missing_lines": 0, "excluded_lines": 0}, "missing_lines": [], "excluded_lines": []}, "metadata_names_sql": {"executed_lines": [333, 334], "summary": {"covered_lines": 2, "num_statements": 2, "percent_covered": 100.0, "percent_covered_display": "100", "missing_lines": 0, "excluded_lines": 0}, "missing_lines": [], "excluded_lines": []}, "_read_cast_metadata_sql": {"executed_lines": [341, 342, 343], "summary": {"covered_lines": 3, "num_statements": 3, "percent_covered": 100.0, "percent_covered_display": "100", "missing_lines": 0, "excluded_lines": 0}, "missing_lines": [], "excluded_lines": []}, "_first_load_df_sql": {"executed_lines": [350], "summary": {"covered_lines": 1, "num_statements": 3, "percent_covered": 33.333333333333336, "percent_covered_display": "33", "missing_lines": 2, "excluded_lines": 0}, "missing_lines": [351, 352], "excluded_lines": []}, "_get_table": {"executed_lines": [357, 358], "summary": {"covered_lines": 2, "num_statements": 2, "percent_covered": 100.0, "percent_covered_display": "100", "missing_lines": 0, "excluded_lines": 0}, "missing_lines": [], "excluded_lines": []}, "_is_valid_identifier": {"executed_lines": [371, 374, 375], "summary": {"covered_lines": 3, "num_statements": 3, "percent_covered": 100.0, "percent_covered_display": "100", "missing_lines": 0, "excluded_lines": 0}, "missing_lines": [], "excluded_lines": []}, "_contains_sql_injection_patterns": {"executed_lines": [393, 396, 409, 410, 411, 413], "summary": {"covered_lines": 6, "num_statements": 6, "percent_covered": 100.0, "percent_covered_display": "100", "missing_lines": 0, "excluded_lines": 0}, "missing_lines": [], "excluded_lines": []}, "query_table_sql": {"executed_lines": [454, 456, 459, 460, 463, 467, 468, 471, 473, 474, 475, 481, 483, 486, 489, 493, 494, 500, 503, 504, 508, 511, 513, 514, 515, 516, 517, 522, 523, 524, 525, 526, 529, 532, 533, 536, 537, 538, 543], "summary": {"covered_lines": 39, "num_statements": 42, "percent_covered": 92.85714285714286, "percent_covered_display": "93", "missing_lines": 3, "excluded_lines": 0}, "missing_lines": [505, 539, 541], "excluded_lines": []}, "query_table_sql_async": {"executed_lines": [], "summary": {"covered_lines": 0, "num_statements": 1, "percent_covered": 0.0, "percent_covered_display": "0", "missing_lines": 1, "excluded_lines": 0}, "missing_lines": [570], "excluded_lines": []}, "": {"executed_lines": [1, 62, 64, 66, 67, 68, 70, 71, 78, 80, 84, 85, 94, 97, 101, 105, 109, 113, 117, 121, 125, 135, 141, 145, 149, 153, 157, 161, 175, 193, 205, 235, 261, 280, 303, 317, 325, 331, 337, 346, 355, 361, 378, 416, 546], "summary": {"covered_lines": 43, "num_statements": 44, "percent_covered": 97.72727272727273, "percent_covered_display": "98", "missing_lines": 1, "excluded_lines": 1}, "missing_lines": [81], "excluded_lines": [94]}}, "classes": {"SqlStorage": {"executed_lines": [90, 91, 92, 99, 103, 107, 111, 115, 119, 123, 132, 133, 139, 143, 147, 155, 159, 171, 172, 173, 188, 189, 190, 191, 201, 202, 203, 231], "summary": {"covered_lines": 28, "num_statements": 30, "percent_covered": 93.33333333333333, "percent_covered_display": "93", "missing_lines": 2, "excluded_lines": 1}, "missing_lines": [151, 256], "excluded_lines": [95]}, "": {"executed_lines": [1, 62, 64, 66, 67, 68, 70, 71, 78, 80, 84, 85, 94, 97, 101, 105, 109, 113, 117, 121, 125, 135, 141, 145, 149, 153, 157, 161, 175, 193, 205, 235, 261, 265, 266, 267, 268, 269, 270, 271, 280, 284, 285, 286, 288, 289, 291, 292, 293, 294, 299, 300, 303, 307, 308, 309, 310, 312, 313, 314, 317, 325, 327, 328, 331, 333, 334, 337, 341, 342, 343, 346, 350, 355, 357, 358, 361, 371, 374, 375, 378, 393, 396, 409, 410, 411, 413, 416, 454, 456, 459, 460, 463, 467, 468, 471, 473, 474, 475, 481, 483, 486, 489, 493, 494, 500, 503, 504, 508, 511, 513, 514, 515, 516, 517, 522, 523, 524, 525, 526, 529, 532, 533, 536, 537, 538, 543, 546], "summary": {"covered_lines": 126, "num_statements": 135, "percent_covered": 93.33333333333333, "percent_covered_display": "93", "missing_lines": 9, "excluded_lines": 1}, "missing_lines": [81, 321, 322, 351, 352, 505, 539, 541, 570], "excluded_lines": [94]}}}, "src/trashpandas/utils.py": {"executed_lines": [1, 3, 5, 6, 7, 10, 11, 18, 35, 38, 40, 41, 42, 44, 50, 52, 53, 54, 56, 62, 64, 67, 69, 72], "summary": {"covered_lines": 24, "num_statements": 26, "percent_covered": 92.3076923076923, "percent_covered_display": "92", "missing_lines": 2, "excluded_lines": 0}, "missing_lines": [74, 75], "excluded_lines": [], "functions": {"df_metadata": {"executed_lines": [11, 18, 35], "summary": {"covered_lines": 3, "num_statements": 3, "percent_covered": 100.0, "percent_covered_display": "100", "missing_lines": 0, "excluded_lines": 0}, "missing_lines": [], "excluded_lines": []}, "unname_no_names": {"executed_lines": [40, 41, 42, 44], "summary": {"covered_lines": 4, "num_statements": 4, "percent_covered": 100.0, "percent_covered_display": "100", "missing_lines": 0, "excluded_lines": 0}, "missing_lines": [], "excluded_lines": []}, "name_no_names": {"executed_lines": [52, 53, 54, 56], "summary": {"covered_lines": 4, "num_statements": 4, "percent_covered": 100.0, "percent_covered_display": "100", "missing_lines": 0, "excluded_lines": 0}, "missing_lines": [], "excluded_lines": []}, "cast_type": {"executed_lines": [64], "summary": {"covered_lines": 1, "num_statements": 1, "percent_covered": 100.0, "percent_covered_display": "100", "missing_lines": 0, "excluded_lines": 0}, "missing_lines": [], "excluded_lines": []}, "convert_meta_to_dict": {"executed_lines": [69], "summary": {"covered_lines": 1, "num_statements": 1, "percent_covered": 100.0, "percent_covered_display": "100", "missing_lines": 0, "excluded_lines": 0}, "missing_lines": [], "excluded_lines": []}, "df_cols_to_numpy": {"executed_lines": [], "summary": {"covered_lines": 0, "num_statements": 2, "percent_covered": 0.0, "percent_covered_display": "0", "missing_lines": 2, "excluded_lines": 0}, "missing_lines": [74, 75], "excluded_lines": []}, "": {"executed_lines": [1, 3, 5, 6, 7, 10, 38, 50, 62, 67, 72], "summary": {"covered_lines": 11, "num_statements": 11, "percent_covered": 100.0, "percent_covered_display": "100", "missing_lines": 0, "excluded_lines": 0}, "missing_lines": [], "excluded_lines": []}}, "classes": {"": {"executed_lines": [1, 3, 5, 6, 7, 10, 11, 18, 35, 38, 40, 41, 42, 44, 50, 52, 53, 54, 56, 62, 64, 67, 69, 72], "summary": {"covered_lines": 24, "num_statements": 26, "percent_covered": 92.3076923076923, "percent_covered_display": "92", "missing_lines": 2, "excluded_lines": 0}, "missing_lines": [74, 75], "excluded_lines": []}}}, "src/trashpandas/validation.py": {"executed_lines": [1, 7, 9, 10, 12, 15, 59, 86, 122, 123, 126, 127, 132, 133, 140, 141, 148, 149, 156, 157, 164, 166, 167, 170, 171, 173, 174, 181, 182, 183, 191, 193, 194, 195, 202, 204, 205, 209, 210, 217, 219, 220, 221, 231, 241, 242, 245], "summary": {"covered_lines": 46, "num_statements": 49, "percent_covered": 93.87755102040816, "percent_covered_display": "94", "missing_lines": 3, "excluded_lines": 0}, "missing_lines": [184, 223, 224], "excluded_lines": [], "functions": {"validate_table_name": {"executed_lines": [122, 123, 126, 127, 132, 133, 140, 141, 148, 149, 156, 157, 164, 166, 167, 170, 171, 173, 174, 181, 182, 183, 191, 193, 194, 195, 202, 204, 205, 209, 210, 217, 219, 220, 221], "summary": {"covered_lines": 35, "num_statements": 38, "percent_covered": 92.10526315789474, "percent_covered_display": "92", "missing_lines": 3, "excluded_lines": 0}, "missing_lines": [184, 223, 224], "excluded_lines": []}, "validate_schema_name": {"executed_lines": [241, 242, 245], "summary": {"covered_lines": 3, "num_statements": 3, "percent_covered": 100.0, "percent_covered_display": "100", "missing_lines": 0, "excluded_lines": 0}, "missing_lines": [], "excluded_lines": []}, "": {"executed_lines": [1, 7, 9, 10, 12, 15, 59, 86, 231], "summary": {"covered_lines": 8, "num_statements": 8, "percent_covered": 100.0, "percent_covered_display": "100", "missing_lines": 0, "excluded_lines": 0}, "missing_lines": [], "excluded_lines": []}}, "classes": {"": {"executed_lines": [1, 7, 9, 10, 12, 15, 59, 86, 122, 123, 126, 127, 132, 133, 140, 141, 148, 149, 156, 157, 164, 166, 167, 170, 171, 173, 174, 181, 182, 183, 191, 193, 194, 195, 202, 204, 205, 209, 210, 217, 219, 220, 221, 231, 241, 242, 245], "summary": {"covered_lines": 46, "num_statements": 49, "percent_covered": 93.87755102040816, "percent_covered_display": "94", "missing_lines": 3, "excluded_lines": 0}, "missing_lines": [184, 223, 224], "excluded_lines": []}}}}, "totals": {"covered_lines": 717, "num_statements": 1129, "percent_covered": 63.50752878653676, "percent_covered_display": "64", "missing_lines": 412, "excluded_lines": 254}}